-------------------------------------------------------------------------------
Test set: EstudioORMWS_Test
-------------------------------------------------------------------------------
Tests run: 10, Failures: 2, Errors: 3, Skipped: 0, Time elapsed: 1.861 sec <<< FAILURE!
deleteEstudioTest(EstudioORMWS_Test)  Time elapsed: 0.3 sec  <<< FAILURE!
java.lang.AssertionError: Values should be different. Actual: 0
	at org.junit.Assert.fail(Assert.java:89)
	at org.junit.Assert.failEquals(Assert.java:187)
	at org.junit.Assert.assertNotEquals(Assert.java:201)
	at org.junit.Assert.assertNotEquals(Assert.java:213)
	at EstudioORMWS_Test.deleteEstudioTest(EstudioORMWS_Test.java:40)
	at sun.reflect.NativeMethodAccessorImpl.invoke0(Native Method)
	at sun.reflect.NativeMethodAccessorImpl.invoke(NativeMethodAccessorImpl.java:62)
	at sun.reflect.DelegatingMethodAccessorImpl.invoke(DelegatingMethodAccessorImpl.java:43)
	at java.lang.reflect.Method.invoke(Method.java:498)
	at org.junit.runners.model.FrameworkMethod$1.runReflectiveCall(FrameworkMethod.java:59)
	at org.junit.internal.runners.model.ReflectiveCallable.run(ReflectiveCallable.java:12)
	at org.junit.runners.model.FrameworkMethod.invokeExplosively(FrameworkMethod.java:56)
	at org.junit.internal.runners.statements.InvokeMethod.evaluate(InvokeMethod.java:17)
	at org.junit.runners.ParentRunner$3.evaluate(ParentRunner.java:305)
	at org.junit.runners.BlockJUnit4ClassRunner$1.evaluate(BlockJUnit4ClassRunner.java:100)
	at org.junit.runners.ParentRunner.runLeaf(ParentRunner.java:365)
	at org.junit.runners.BlockJUnit4ClassRunner.runChild(BlockJUnit4ClassRunner.java:103)
	at org.junit.runners.BlockJUnit4ClassRunner.runChild(BlockJUnit4ClassRunner.java:63)
	at org.junit.runners.ParentRunner$4.run(ParentRunner.java:330)
	at org.junit.runners.ParentRunner$1.schedule(ParentRunner.java:78)
	at org.junit.runners.ParentRunner.runChildren(ParentRunner.java:328)
	at org.junit.runners.ParentRunner.access$100(ParentRunner.java:65)
	at org.junit.runners.ParentRunner$2.evaluate(ParentRunner.java:292)
	at org.junit.runners.ParentRunner$3.evaluate(ParentRunner.java:305)
	at org.junit.runners.ParentRunner.run(ParentRunner.java:412)
	at org.apache.maven.surefire.junit4.JUnit4Provider.execute(JUnit4Provider.java:252)
	at org.apache.maven.surefire.junit4.JUnit4Provider.executeTestSet(JUnit4Provider.java:141)
	at org.apache.maven.surefire.junit4.JUnit4Provider.invoke(JUnit4Provider.java:112)
	at sun.reflect.NativeMethodAccessorImpl.invoke0(Native Method)
	at sun.reflect.NativeMethodAccessorImpl.invoke(NativeMethodAccessorImpl.java:62)
	at sun.reflect.DelegatingMethodAccessorImpl.invoke(DelegatingMethodAccessorImpl.java:43)
	at java.lang.reflect.Method.invoke(Method.java:498)
	at org.apache.maven.surefire.util.ReflectionUtils.invokeMethodWithArray(ReflectionUtils.java:189)
	at org.apache.maven.surefire.booter.ProviderFactory$ProviderProxy.invoke(ProviderFactory.java:165)
	at org.apache.maven.surefire.booter.ProviderFactory.invokeProvider(ProviderFactory.java:85)
	at org.apache.maven.surefire.booter.ForkedBooter.runSuitesInProcess(ForkedBooter.java:115)
	at org.apache.maven.surefire.booter.ForkedBooter.main(ForkedBooter.java:75)

getAllByUserNotReponseTest(EstudioORMWS_Test)  Time elapsed: 0.158 sec  <<< ERROR!
java.lang.Exception: javax.persistence.PersistenceException: Exception [EclipseLink-4002] (Eclipse Persistence Services - 2.6.5.v20170607-b3d05bd): org.eclipse.persistence.exceptions.DatabaseException
Internal Exception: java.sql.SQLSyntaxErrorException: Unknown column 'se.cantidadHijos' in 'where clause'
Error Code: 1054
Call: select distinct du.codigo , du.primerNombre , se.descripcionSolicitud, e.estatus, se.disponibilidadEnLinea from mercadeoucab.estudio as e, mercadeoucab.hijo as h, mercadeoucab.solicitud_estudio as se
INNER JOIN mercadeoucab.dato_usuario as du ON se.fk_nivelEconomico = du.fk_nivelEconomico
INNER JOIN mercadeoucab.region_estudio as re ON re.fk_lugar = du.fk_Lugar
where
du.sexo = se.generoPoblacional
and (du.disponibilidadEnLinea =  se.disponibilidadEnLinea) 
and du.fk_ocupacion = se.fk_ocupacion
and TIMESTAMPDIFF(YEAR,du.fechaNacimiento,CURDATE()) between se.edadMinimaPoblacion and se.edadMaximaPoblacion
and se.conCuantasPersonasVive = du.conCuantasPersonasVive
and ((select count(*) from mercadeoucab.hijo as h where h.fk_datoUsuario = du.codigo) = se.cantidadHijos )
and e.fk_solicitudEstudio = du.codigo
and e.fk_usuario =?
	bind => [1]
Query: DataReadQuery(sql="select distinct du.codigo , du.primerNombre , se.descripcionSolicitud, e.estatus, se.disponibilidadEnLinea from mercadeoucab.estudio as e, mercadeoucab.hijo as h, mercadeoucab.solicitud_estudio as se
INNER JOIN mercadeoucab.dato_usuario as du ON se.fk_nivelEconomico = du.fk_nivelEconomico
INNER JOIN mercadeoucab.region_estudio as re ON re.fk_lugar = du.fk_Lugar
where
du.sexo = se.generoPoblacional
and (du.disponibilidadEnLinea =  se.disponibilidadEnLinea) 
and du.fk_ocupacion = se.fk_ocupacion
and TIMESTAMPDIFF(YEAR,du.fechaNacimiento,CURDATE()) between se.edadMinimaPoblacion and se.edadMaximaPoblacion
and se.conCuantasPersonasVive = du.conCuantasPersonasVive
and ((select count(*) from mercadeoucab.hijo as h where h.fk_datoUsuario = du.codigo) = se.cantidadHijos )
and e.fk_solicitudEstudio = du.codigo
and e.fk_usuario =?")
	at ucab.dsw.servicio.EstudioORMWS.getAllByUserNotReponse(EstudioORMWS.java:340)
	at EstudioORMWS_Test.getAllByUserNotReponseTest(EstudioORMWS_Test.java:113)
	at sun.reflect.NativeMethodAccessorImpl.invoke0(Native Method)
	at sun.reflect.NativeMethodAccessorImpl.invoke(NativeMethodAccessorImpl.java:62)
	at sun.reflect.DelegatingMethodAccessorImpl.invoke(DelegatingMethodAccessorImpl.java:43)
	at java.lang.reflect.Method.invoke(Method.java:498)
	at org.junit.runners.model.FrameworkMethod$1.runReflectiveCall(FrameworkMethod.java:59)
	at org.junit.internal.runners.model.ReflectiveCallable.run(ReflectiveCallable.java:12)
	at org.junit.runners.model.FrameworkMethod.invokeExplosively(FrameworkMethod.java:56)
	at org.junit.internal.runners.statements.InvokeMethod.evaluate(InvokeMethod.java:17)
	at org.junit.runners.ParentRunner$3.evaluate(ParentRunner.java:305)
	at org.junit.runners.BlockJUnit4ClassRunner$1.evaluate(BlockJUnit4ClassRunner.java:100)
	at org.junit.runners.ParentRunner.runLeaf(ParentRunner.java:365)
	at org.junit.runners.BlockJUnit4ClassRunner.runChild(BlockJUnit4ClassRunner.java:103)
	at org.junit.runners.BlockJUnit4ClassRunner.runChild(BlockJUnit4ClassRunner.java:63)
	at org.junit.runners.ParentRunner$4.run(ParentRunner.java:330)
	at org.junit.runners.ParentRunner$1.schedule(ParentRunner.java:78)
	at org.junit.runners.ParentRunner.runChildren(ParentRunner.java:328)
	at org.junit.runners.ParentRunner.access$100(ParentRunner.java:65)
	at org.junit.runners.ParentRunner$2.evaluate(ParentRunner.java:292)
	at org.junit.runners.ParentRunner$3.evaluate(ParentRunner.java:305)
	at org.junit.runners.ParentRunner.run(ParentRunner.java:412)
	at org.apache.maven.surefire.junit4.JUnit4Provider.execute(JUnit4Provider.java:252)
	at org.apache.maven.surefire.junit4.JUnit4Provider.executeTestSet(JUnit4Provider.java:141)
	at org.apache.maven.surefire.junit4.JUnit4Provider.invoke(JUnit4Provider.java:112)
	at sun.reflect.NativeMethodAccessorImpl.invoke0(Native Method)
	at sun.reflect.NativeMethodAccessorImpl.invoke(NativeMethodAccessorImpl.java:62)
	at sun.reflect.DelegatingMethodAccessorImpl.invoke(DelegatingMethodAccessorImpl.java:43)
	at java.lang.reflect.Method.invoke(Method.java:498)
	at org.apache.maven.surefire.util.ReflectionUtils.invokeMethodWithArray(ReflectionUtils.java:189)
	at org.apache.maven.surefire.booter.ProviderFactory$ProviderProxy.invoke(ProviderFactory.java:165)
	at org.apache.maven.surefire.booter.ProviderFactory.invokeProvider(ProviderFactory.java:85)
	at org.apache.maven.surefire.booter.ForkedBooter.runSuitesInProcess(ForkedBooter.java:115)
	at org.apache.maven.surefire.booter.ForkedBooter.main(ForkedBooter.java:75)
Caused by: javax.persistence.PersistenceException: Exception [EclipseLink-4002] (Eclipse Persistence Services - 2.6.5.v20170607-b3d05bd): org.eclipse.persistence.exceptions.DatabaseException
Internal Exception: java.sql.SQLSyntaxErrorException: Unknown column 'se.cantidadHijos' in 'where clause'
Error Code: 1054
Call: select distinct du.codigo , du.primerNombre , se.descripcionSolicitud, e.estatus, se.disponibilidadEnLinea from mercadeoucab.estudio as e, mercadeoucab.hijo as h, mercadeoucab.solicitud_estudio as se
INNER JOIN mercadeoucab.dato_usuario as du ON se.fk_nivelEconomico = du.fk_nivelEconomico
INNER JOIN mercadeoucab.region_estudio as re ON re.fk_lugar = du.fk_Lugar
where
du.sexo = se.generoPoblacional
and (du.disponibilidadEnLinea =  se.disponibilidadEnLinea) 
and du.fk_ocupacion = se.fk_ocupacion
and TIMESTAMPDIFF(YEAR,du.fechaNacimiento,CURDATE()) between se.edadMinimaPoblacion and se.edadMaximaPoblacion
and se.conCuantasPersonasVive = du.conCuantasPersonasVive
and ((select count(*) from mercadeoucab.hijo as h where h.fk_datoUsuario = du.codigo) = se.cantidadHijos )
and e.fk_solicitudEstudio = du.codigo
and e.fk_usuario =?
	bind => [1]
Query: DataReadQuery(sql="select distinct du.codigo , du.primerNombre , se.descripcionSolicitud, e.estatus, se.disponibilidadEnLinea from mercadeoucab.estudio as e, mercadeoucab.hijo as h, mercadeoucab.solicitud_estudio as se
INNER JOIN mercadeoucab.dato_usuario as du ON se.fk_nivelEconomico = du.fk_nivelEconomico
INNER JOIN mercadeoucab.region_estudio as re ON re.fk_lugar = du.fk_Lugar
where
du.sexo = se.generoPoblacional
and (du.disponibilidadEnLinea =  se.disponibilidadEnLinea) 
and du.fk_ocupacion = se.fk_ocupacion
and TIMESTAMPDIFF(YEAR,du.fechaNacimiento,CURDATE()) between se.edadMinimaPoblacion and se.edadMaximaPoblacion
and se.conCuantasPersonasVive = du.conCuantasPersonasVive
and ((select count(*) from mercadeoucab.hijo as h where h.fk_datoUsuario = du.codigo) = se.cantidadHijos )
and e.fk_solicitudEstudio = du.codigo
and e.fk_usuario =?")
	at org.eclipse.persistence.internal.jpa.QueryImpl.getDetailedException(QueryImpl.java:387)
	at org.eclipse.persistence.internal.jpa.QueryImpl.executeReadQuery(QueryImpl.java:260)
	at org.eclipse.persistence.internal.jpa.QueryImpl.getResultList(QueryImpl.java:478)
	at ucab.dsw.servicio.EstudioORMWS.getAllByUserNotReponse(EstudioORMWS.java:326)
	... 33 more
Caused by: Exception [EclipseLink-4002] (Eclipse Persistence Services - 2.6.5.v20170607-b3d05bd): org.eclipse.persistence.exceptions.DatabaseException
Internal Exception: java.sql.SQLSyntaxErrorException: Unknown column 'se.cantidadHijos' in 'where clause'
Error Code: 1054
Call: select distinct du.codigo , du.primerNombre , se.descripcionSolicitud, e.estatus, se.disponibilidadEnLinea from mercadeoucab.estudio as e, mercadeoucab.hijo as h, mercadeoucab.solicitud_estudio as se
INNER JOIN mercadeoucab.dato_usuario as du ON se.fk_nivelEconomico = du.fk_nivelEconomico
INNER JOIN mercadeoucab.region_estudio as re ON re.fk_lugar = du.fk_Lugar
where
du.sexo = se.generoPoblacional
and (du.disponibilidadEnLinea =  se.disponibilidadEnLinea) 
and du.fk_ocupacion = se.fk_ocupacion
and TIMESTAMPDIFF(YEAR,du.fechaNacimiento,CURDATE()) between se.edadMinimaPoblacion and se.edadMaximaPoblacion
and se.conCuantasPersonasVive = du.conCuantasPersonasVive
and ((select count(*) from mercadeoucab.hijo as h where h.fk_datoUsuario = du.codigo) = se.cantidadHijos )
and e.fk_solicitudEstudio = du.codigo
and e.fk_usuario =?
	bind => [1]
Query: DataReadQuery(sql="select distinct du.codigo , du.primerNombre , se.descripcionSolicitud, e.estatus, se.disponibilidadEnLinea from mercadeoucab.estudio as e, mercadeoucab.hijo as h, mercadeoucab.solicitud_estudio as se
INNER JOIN mercadeoucab.dato_usuario as du ON se.fk_nivelEconomico = du.fk_nivelEconomico
INNER JOIN mercadeoucab.region_estudio as re ON re.fk_lugar = du.fk_Lugar
where
du.sexo = se.generoPoblacional
and (du.disponibilidadEnLinea =  se.disponibilidadEnLinea) 
and du.fk_ocupacion = se.fk_ocupacion
and TIMESTAMPDIFF(YEAR,du.fechaNacimiento,CURDATE()) between se.edadMinimaPoblacion and se.edadMaximaPoblacion
and se.conCuantasPersonasVive = du.conCuantasPersonasVive
and ((select count(*) from mercadeoucab.hijo as h where h.fk_datoUsuario = du.codigo) = se.cantidadHijos )
and e.fk_solicitudEstudio = du.codigo
and e.fk_usuario =?")
	at org.eclipse.persistence.exceptions.DatabaseException.sqlException(DatabaseException.java:340)
	at org.eclipse.persistence.internal.databaseaccess.DatabaseAccessor.basicExecuteCall(DatabaseAccessor.java:684)
	at org.eclipse.persistence.internal.databaseaccess.DatabaseAccessor.executeCall(DatabaseAccessor.java:560)
	at org.eclipse.persistence.internal.sessions.AbstractSession.basicExecuteCall(AbstractSession.java:2062)
	at org.eclipse.persistence.sessions.server.ServerSession.executeCall(ServerSession.java:570)
	at org.eclipse.persistence.internal.queries.DatasourceCallQueryMechanism.executeCall(DatasourceCallQueryMechanism.java:260)
	at org.eclipse.persistence.internal.queries.DatasourceCallQueryMechanism.executeCall(DatasourceCallQueryMechanism.java:246)
	at org.eclipse.persistence.internal.queries.DatasourceCallQueryMechanism.executeSelectCall(DatasourceCallQueryMechanism.java:317)
	at org.eclipse.persistence.internal.queries.DatasourceCallQueryMechanism.executeSelect(DatasourceCallQueryMechanism.java:299)
	at org.eclipse.persistence.queries.DataReadQuery.executeNonCursor(DataReadQuery.java:197)
	at org.eclipse.persistence.queries.DataReadQuery.executeDatabaseQuery(DataReadQuery.java:152)
	at org.eclipse.persistence.queries.DatabaseQuery.execute(DatabaseQuery.java:911)
	at org.eclipse.persistence.queries.DataReadQuery.execute(DataReadQuery.java:137)
	at org.eclipse.persistence.queries.DatabaseQuery.executeInUnitOfWork(DatabaseQuery.java:810)
	at org.eclipse.persistence.internal.sessions.UnitOfWorkImpl.internalExecuteQuery(UnitOfWorkImpl.java:2899)
	at org.eclipse.persistence.internal.sessions.AbstractSession.executeQuery(AbstractSession.java:1863)
	at org.eclipse.persistence.internal.sessions.AbstractSession.executeQuery(AbstractSession.java:1845)
	at org.eclipse.persistence.internal.sessions.AbstractSession.executeQuery(AbstractSession.java:1810)
	at org.eclipse.persistence.internal.jpa.QueryImpl.executeReadQuery(QueryImpl.java:258)
	... 35 more
Caused by: java.sql.SQLSyntaxErrorException: Unknown column 'se.cantidadHijos' in 'where clause'
	at com.mysql.cj.jdbc.exceptions.SQLError.createSQLException(SQLError.java:120)
	at com.mysql.cj.jdbc.exceptions.SQLError.createSQLException(SQLError.java:97)
	at com.mysql.cj.jdbc.exceptions.SQLExceptionsMapping.translateException(SQLExceptionsMapping.java:122)
	at com.mysql.cj.jdbc.ClientPreparedStatement.executeInternal(ClientPreparedStatement.java:953)
	at com.mysql.cj.jdbc.ClientPreparedStatement.executeQuery(ClientPreparedStatement.java:1003)
	at org.eclipse.persistence.internal.databaseaccess.DatabaseAccessor.executeSelect(DatabaseAccessor.java:1009)
	at org.eclipse.persistence.internal.databaseaccess.DatabaseAccessor.basicExecuteCall(DatabaseAccessor.java:644)
	... 52 more

getAllByUserTest(EstudioORMWS_Test)  Time elapsed: 0.024 sec  <<< ERROR!
java.lang.Exception
	at ucab.dsw.servicio.EstudioORMWS.getAllByUser(EstudioORMWS.java:179)
	at EstudioORMWS_Test.getAllByUserTest(EstudioORMWS_Test.java:106)
	at sun.reflect.NativeMethodAccessorImpl.invoke0(Native Method)
	at sun.reflect.NativeMethodAccessorImpl.invoke(NativeMethodAccessorImpl.java:62)
	at sun.reflect.DelegatingMethodAccessorImpl.invoke(DelegatingMethodAccessorImpl.java:43)
	at java.lang.reflect.Method.invoke(Method.java:498)
	at org.junit.runners.model.FrameworkMethod$1.runReflectiveCall(FrameworkMethod.java:59)
	at org.junit.internal.runners.model.ReflectiveCallable.run(ReflectiveCallable.java:12)
	at org.junit.runners.model.FrameworkMethod.invokeExplosively(FrameworkMethod.java:56)
	at org.junit.internal.runners.statements.InvokeMethod.evaluate(InvokeMethod.java:17)
	at org.junit.runners.ParentRunner$3.evaluate(ParentRunner.java:305)
	at org.junit.runners.BlockJUnit4ClassRunner$1.evaluate(BlockJUnit4ClassRunner.java:100)
	at org.junit.runners.ParentRunner.runLeaf(ParentRunner.java:365)
	at org.junit.runners.BlockJUnit4ClassRunner.runChild(BlockJUnit4ClassRunner.java:103)
	at org.junit.runners.BlockJUnit4ClassRunner.runChild(BlockJUnit4ClassRunner.java:63)
	at org.junit.runners.ParentRunner$4.run(ParentRunner.java:330)
	at org.junit.runners.ParentRunner$1.schedule(ParentRunner.java:78)
	at org.junit.runners.ParentRunner.runChildren(ParentRunner.java:328)
	at org.junit.runners.ParentRunner.access$100(ParentRunner.java:65)
	at org.junit.runners.ParentRunner$2.evaluate(ParentRunner.java:292)
	at org.junit.runners.ParentRunner$3.evaluate(ParentRunner.java:305)
	at org.junit.runners.ParentRunner.run(ParentRunner.java:412)
	at org.apache.maven.surefire.junit4.JUnit4Provider.execute(JUnit4Provider.java:252)
	at org.apache.maven.surefire.junit4.JUnit4Provider.executeTestSet(JUnit4Provider.java:141)
	at org.apache.maven.surefire.junit4.JUnit4Provider.invoke(JUnit4Provider.java:112)
	at sun.reflect.NativeMethodAccessorImpl.invoke0(Native Method)
	at sun.reflect.NativeMethodAccessorImpl.invoke(NativeMethodAccessorImpl.java:62)
	at sun.reflect.DelegatingMethodAccessorImpl.invoke(DelegatingMethodAccessorImpl.java:43)
	at java.lang.reflect.Method.invoke(Method.java:498)
	at org.apache.maven.surefire.util.ReflectionUtils.invokeMethodWithArray(ReflectionUtils.java:189)
	at org.apache.maven.surefire.booter.ProviderFactory$ProviderProxy.invoke(ProviderFactory.java:165)
	at org.apache.maven.surefire.booter.ProviderFactory.invokeProvider(ProviderFactory.java:85)
	at org.apache.maven.surefire.booter.ForkedBooter.runSuitesInProcess(ForkedBooter.java:115)
	at org.apache.maven.surefire.booter.ForkedBooter.main(ForkedBooter.java:75)

updateEstudioTest(EstudioORMWS_Test)  Time elapsed: 0.034 sec  <<< FAILURE!
java.lang.AssertionError: Values should be different. Actual: 0
	at org.junit.Assert.fail(Assert.java:89)
	at org.junit.Assert.failEquals(Assert.java:187)
	at org.junit.Assert.assertNotEquals(Assert.java:201)
	at org.junit.Assert.assertNotEquals(Assert.java:213)
	at EstudioORMWS_Test.updateEstudioTest(EstudioORMWS_Test.java:67)
	at sun.reflect.NativeMethodAccessorImpl.invoke0(Native Method)
	at sun.reflect.NativeMethodAccessorImpl.invoke(NativeMethodAccessorImpl.java:62)
	at sun.reflect.DelegatingMethodAccessorImpl.invoke(DelegatingMethodAccessorImpl.java:43)
	at java.lang.reflect.Method.invoke(Method.java:498)
	at org.junit.runners.model.FrameworkMethod$1.runReflectiveCall(FrameworkMethod.java:59)
	at org.junit.internal.runners.model.ReflectiveCallable.run(ReflectiveCallable.java:12)
	at org.junit.runners.model.FrameworkMethod.invokeExplosively(FrameworkMethod.java:56)
	at org.junit.internal.runners.statements.InvokeMethod.evaluate(InvokeMethod.java:17)
	at org.junit.runners.ParentRunner$3.evaluate(ParentRunner.java:305)
	at org.junit.runners.BlockJUnit4ClassRunner$1.evaluate(BlockJUnit4ClassRunner.java:100)
	at org.junit.runners.ParentRunner.runLeaf(ParentRunner.java:365)
	at org.junit.runners.BlockJUnit4ClassRunner.runChild(BlockJUnit4ClassRunner.java:103)
	at org.junit.runners.BlockJUnit4ClassRunner.runChild(BlockJUnit4ClassRunner.java:63)
	at org.junit.runners.ParentRunner$4.run(ParentRunner.java:330)
	at org.junit.runners.ParentRunner$1.schedule(ParentRunner.java:78)
	at org.junit.runners.ParentRunner.runChildren(ParentRunner.java:328)
	at org.junit.runners.ParentRunner.access$100(ParentRunner.java:65)
	at org.junit.runners.ParentRunner$2.evaluate(ParentRunner.java:292)
	at org.junit.runners.ParentRunner$3.evaluate(ParentRunner.java:305)
	at org.junit.runners.ParentRunner.run(ParentRunner.java:412)
	at org.apache.maven.surefire.junit4.JUnit4Provider.execute(JUnit4Provider.java:252)
	at org.apache.maven.surefire.junit4.JUnit4Provider.executeTestSet(JUnit4Provider.java:141)
	at org.apache.maven.surefire.junit4.JUnit4Provider.invoke(JUnit4Provider.java:112)
	at sun.reflect.NativeMethodAccessorImpl.invoke0(Native Method)
	at sun.reflect.NativeMethodAccessorImpl.invoke(NativeMethodAccessorImpl.java:62)
	at sun.reflect.DelegatingMethodAccessorImpl.invoke(DelegatingMethodAccessorImpl.java:43)
	at java.lang.reflect.Method.invoke(Method.java:498)
	at org.apache.maven.surefire.util.ReflectionUtils.invokeMethodWithArray(ReflectionUtils.java:189)
	at org.apache.maven.surefire.booter.ProviderFactory$ProviderProxy.invoke(ProviderFactory.java:165)
	at org.apache.maven.surefire.booter.ProviderFactory.invokeProvider(ProviderFactory.java:85)
	at org.apache.maven.surefire.booter.ForkedBooter.runSuitesInProcess(ForkedBooter.java:115)
	at org.apache.maven.surefire.booter.ForkedBooter.main(ForkedBooter.java:75)

getEstudiosClienteTest(EstudioORMWS_Test)  Time elapsed: 0.015 sec  <<< ERROR!
java.lang.NullPointerException
	at ucab.dsw.servicio.EstudioORMWS.getEstudiosCliente(EstudioORMWS.java:380)
	at EstudioORMWS_Test.getEstudiosClienteTest(EstudioORMWS_Test.java:99)
	at sun.reflect.NativeMethodAccessorImpl.invoke0(Native Method)
	at sun.reflect.NativeMethodAccessorImpl.invoke(NativeMethodAccessorImpl.java:62)
	at sun.reflect.DelegatingMethodAccessorImpl.invoke(DelegatingMethodAccessorImpl.java:43)
	at java.lang.reflect.Method.invoke(Method.java:498)
	at org.junit.runners.model.FrameworkMethod$1.runReflectiveCall(FrameworkMethod.java:59)
	at org.junit.internal.runners.model.ReflectiveCallable.run(ReflectiveCallable.java:12)
	at org.junit.runners.model.FrameworkMethod.invokeExplosively(FrameworkMethod.java:56)
	at org.junit.internal.runners.statements.InvokeMethod.evaluate(InvokeMethod.java:17)
	at org.junit.runners.ParentRunner$3.evaluate(ParentRunner.java:305)
	at org.junit.runners.BlockJUnit4ClassRunner$1.evaluate(BlockJUnit4ClassRunner.java:100)
	at org.junit.runners.ParentRunner.runLeaf(ParentRunner.java:365)
	at org.junit.runners.BlockJUnit4ClassRunner.runChild(BlockJUnit4ClassRunner.java:103)
	at org.junit.runners.BlockJUnit4ClassRunner.runChild(BlockJUnit4ClassRunner.java:63)
	at org.junit.runners.ParentRunner$4.run(ParentRunner.java:330)
	at org.junit.runners.ParentRunner$1.schedule(ParentRunner.java:78)
	at org.junit.runners.ParentRunner.runChildren(ParentRunner.java:328)
	at org.junit.runners.ParentRunner.access$100(ParentRunner.java:65)
	at org.junit.runners.ParentRunner$2.evaluate(ParentRunner.java:292)
	at org.junit.runners.ParentRunner$3.evaluate(ParentRunner.java:305)
	at org.junit.runners.ParentRunner.run(ParentRunner.java:412)
	at org.apache.maven.surefire.junit4.JUnit4Provider.execute(JUnit4Provider.java:252)
	at org.apache.maven.surefire.junit4.JUnit4Provider.executeTestSet(JUnit4Provider.java:141)
	at org.apache.maven.surefire.junit4.JUnit4Provider.invoke(JUnit4Provider.java:112)
	at sun.reflect.NativeMethodAccessorImpl.invoke0(Native Method)
	at sun.reflect.NativeMethodAccessorImpl.invoke(NativeMethodAccessorImpl.java:62)
	at sun.reflect.DelegatingMethodAccessorImpl.invoke(DelegatingMethodAccessorImpl.java:43)
	at java.lang.reflect.Method.invoke(Method.java:498)
	at org.apache.maven.surefire.util.ReflectionUtils.invokeMethodWithArray(ReflectionUtils.java:189)
	at org.apache.maven.surefire.booter.ProviderFactory$ProviderProxy.invoke(ProviderFactory.java:165)
	at org.apache.maven.surefire.booter.ProviderFactory.invokeProvider(ProviderFactory.java:85)
	at org.apache.maven.surefire.booter.ForkedBooter.runSuitesInProcess(ForkedBooter.java:115)
	at org.apache.maven.surefire.booter.ForkedBooter.main(ForkedBooter.java:75)

