-------------------------------------------------------------------------------
Test set: Mailer_Test
-------------------------------------------------------------------------------
Tests run: 5, Failures: 0, Errors: 2, Skipped: 0, Time elapsed: 3.426 sec <<< FAILURE!
generarCodigoTest(Mailer_Test)  Time elapsed: 2.343 sec  <<< ERROR!
java.lang.RuntimeException: javax.mail.AuthenticationFailedException: 534-5.7.14 <https://accounts.google.com/signin/continue?sarp=1&scc=1&plt=AKgnsbu
534-5.7.14 nSL2tlG__HqZVikvs9kEHCKBRfDnhK5ihYDL5On9M3H2UHZiu18Z3B9Z4uUuAWwYxhqrd
534-5.7.14 A3Znz8H78hZUlzorRvCJfNnTnzMTaXXHwH5f1iRq8R-odJlFZ7pC5LILUK-3ekqz>
534-5.7.14 Please log in via your web browser and then try again.
534-5.7.14  Learn more at
534 5.7.14  https://support.google.com/mail/answer/78754 z139sm10763196qkb.0 - gsmtp

	at ucab.dsw.servicio.Mailer.send(Mailer.java:61)
	at ucab.dsw.servicio.SendMailSSL.enviar(SendMailSSL.java:12)
	at ucab.dsw.servicio.Mailer.generarCodigoRecuperacion(Mailer.java:93)
	at Mailer_Test.generarCodigoTest(Mailer_Test.java:61)
	at sun.reflect.NativeMethodAccessorImpl.invoke0(Native Method)
	at sun.reflect.NativeMethodAccessorImpl.invoke(NativeMethodAccessorImpl.java:62)
	at sun.reflect.DelegatingMethodAccessorImpl.invoke(DelegatingMethodAccessorImpl.java:43)
	at java.lang.reflect.Method.invoke(Method.java:498)
	at org.junit.runners.model.FrameworkMethod$1.runReflectiveCall(FrameworkMethod.java:59)
	at org.junit.internal.runners.model.ReflectiveCallable.run(ReflectiveCallable.java:12)
	at org.junit.runners.model.FrameworkMethod.invokeExplosively(FrameworkMethod.java:56)
	at org.junit.internal.runners.statements.InvokeMethod.evaluate(InvokeMethod.java:17)
	at org.junit.runners.ParentRunner$3.evaluate(ParentRunner.java:305)
	at org.junit.runners.BlockJUnit4ClassRunner$1.evaluate(BlockJUnit4ClassRunner.java:100)
	at org.junit.runners.ParentRunner.runLeaf(ParentRunner.java:365)
	at org.junit.runners.BlockJUnit4ClassRunner.runChild(BlockJUnit4ClassRunner.java:103)
	at org.junit.runners.BlockJUnit4ClassRunner.runChild(BlockJUnit4ClassRunner.java:63)
	at org.junit.runners.ParentRunner$4.run(ParentRunner.java:330)
	at org.junit.runners.ParentRunner$1.schedule(ParentRunner.java:78)
	at org.junit.runners.ParentRunner.runChildren(ParentRunner.java:328)
	at org.junit.runners.ParentRunner.access$100(ParentRunner.java:65)
	at org.junit.runners.ParentRunner$2.evaluate(ParentRunner.java:292)
	at org.junit.runners.ParentRunner$3.evaluate(ParentRunner.java:305)
	at org.junit.runners.ParentRunner.run(ParentRunner.java:412)
	at org.apache.maven.surefire.junit4.JUnit4Provider.execute(JUnit4Provider.java:252)
	at org.apache.maven.surefire.junit4.JUnit4Provider.executeTestSet(JUnit4Provider.java:141)
	at org.apache.maven.surefire.junit4.JUnit4Provider.invoke(JUnit4Provider.java:112)
	at sun.reflect.NativeMethodAccessorImpl.invoke0(Native Method)
	at sun.reflect.NativeMethodAccessorImpl.invoke(NativeMethodAccessorImpl.java:62)
	at sun.reflect.DelegatingMethodAccessorImpl.invoke(DelegatingMethodAccessorImpl.java:43)
	at java.lang.reflect.Method.invoke(Method.java:498)
	at org.apache.maven.surefire.util.ReflectionUtils.invokeMethodWithArray(ReflectionUtils.java:189)
	at org.apache.maven.surefire.booter.ProviderFactory$ProviderProxy.invoke(ProviderFactory.java:165)
	at org.apache.maven.surefire.booter.ProviderFactory.invokeProvider(ProviderFactory.java:85)
	at org.apache.maven.surefire.booter.ForkedBooter.runSuitesInProcess(ForkedBooter.java:115)
	at org.apache.maven.surefire.booter.ForkedBooter.main(ForkedBooter.java:75)
Caused by: javax.mail.AuthenticationFailedException: 534-5.7.14 <https://accounts.google.com/signin/continue?sarp=1&scc=1&plt=AKgnsbu
534-5.7.14 nSL2tlG__HqZVikvs9kEHCKBRfDnhK5ihYDL5On9M3H2UHZiu18Z3B9Z4uUuAWwYxhqrd
534-5.7.14 A3Znz8H78hZUlzorRvCJfNnTnzMTaXXHwH5f1iRq8R-odJlFZ7pC5LILUK-3ekqz>
534-5.7.14 Please log in via your web browser and then try again.
534-5.7.14  Learn more at
534 5.7.14  https://support.google.com/mail/answer/78754 z139sm10763196qkb.0 - gsmtp

	at com.sun.mail.smtp.SMTPTransport$Authenticator.authenticate(SMTPTransport.java:826)
	at com.sun.mail.smtp.SMTPTransport.authenticate(SMTPTransport.java:761)
	at com.sun.mail.smtp.SMTPTransport.protocolConnect(SMTPTransport.java:685)
	at javax.mail.Service.connect(Service.java:317)
	at javax.mail.Service.connect(Service.java:176)
	at javax.mail.Service.connect(Service.java:125)
	at javax.mail.Transport.send0(Transport.java:194)
	at javax.mail.Transport.send(Transport.java:124)
	at ucab.dsw.servicio.Mailer.send(Mailer.java:59)
	... 35 more

sendMailTest(Mailer_Test)  Time elapsed: 1.043 sec  <<< ERROR!
java.lang.RuntimeException: javax.mail.AuthenticationFailedException: 534-5.7.14 <https://accounts.google.com/signin/continue?sarp=1&scc=1&plt=AKgnsbu
534-5.7.14 2QQLMScqjbx7nH9xA2Jw34zdEGtX-pMu3T9lpa9z_MyXyEkT9SxzEz7BnzBxtXvl4HH7P
534-5.7.14 e8h-WV9T4en5i1qluIUkdpM4yTH5RlXvjt1H1_LHfhOG8mMrg7SFtJAIUj6Joj-h>
534-5.7.14 Please log in via your web browser and then try again.
534-5.7.14  Learn more at
534 5.7.14  https://support.google.com/mail/answer/78754 92sm9509573qth.92 - gsmtp

	at ucab.dsw.servicio.Mailer.send(Mailer.java:61)
	at ucab.dsw.servicio.SendMailSSL.enviar(SendMailSSL.java:12)
	at Mailer_Test.sendMailTest(Mailer_Test.java:15)
	at sun.reflect.NativeMethodAccessorImpl.invoke0(Native Method)
	at sun.reflect.NativeMethodAccessorImpl.invoke(NativeMethodAccessorImpl.java:62)
	at sun.reflect.DelegatingMethodAccessorImpl.invoke(DelegatingMethodAccessorImpl.java:43)
	at java.lang.reflect.Method.invoke(Method.java:498)
	at org.junit.runners.model.FrameworkMethod$1.runReflectiveCall(FrameworkMethod.java:59)
	at org.junit.internal.runners.model.ReflectiveCallable.run(ReflectiveCallable.java:12)
	at org.junit.runners.model.FrameworkMethod.invokeExplosively(FrameworkMethod.java:56)
	at org.junit.internal.runners.statements.InvokeMethod.evaluate(InvokeMethod.java:17)
	at org.junit.runners.ParentRunner$3.evaluate(ParentRunner.java:305)
	at org.junit.runners.BlockJUnit4ClassRunner$1.evaluate(BlockJUnit4ClassRunner.java:100)
	at org.junit.runners.ParentRunner.runLeaf(ParentRunner.java:365)
	at org.junit.runners.BlockJUnit4ClassRunner.runChild(BlockJUnit4ClassRunner.java:103)
	at org.junit.runners.BlockJUnit4ClassRunner.runChild(BlockJUnit4ClassRunner.java:63)
	at org.junit.runners.ParentRunner$4.run(ParentRunner.java:330)
	at org.junit.runners.ParentRunner$1.schedule(ParentRunner.java:78)
	at org.junit.runners.ParentRunner.runChildren(ParentRunner.java:328)
	at org.junit.runners.ParentRunner.access$100(ParentRunner.java:65)
	at org.junit.runners.ParentRunner$2.evaluate(ParentRunner.java:292)
	at org.junit.runners.ParentRunner$3.evaluate(ParentRunner.java:305)
	at org.junit.runners.ParentRunner.run(ParentRunner.java:412)
	at org.apache.maven.surefire.junit4.JUnit4Provider.execute(JUnit4Provider.java:252)
	at org.apache.maven.surefire.junit4.JUnit4Provider.executeTestSet(JUnit4Provider.java:141)
	at org.apache.maven.surefire.junit4.JUnit4Provider.invoke(JUnit4Provider.java:112)
	at sun.reflect.NativeMethodAccessorImpl.invoke0(Native Method)
	at sun.reflect.NativeMethodAccessorImpl.invoke(NativeMethodAccessorImpl.java:62)
	at sun.reflect.DelegatingMethodAccessorImpl.invoke(DelegatingMethodAccessorImpl.java:43)
	at java.lang.reflect.Method.invoke(Method.java:498)
	at org.apache.maven.surefire.util.ReflectionUtils.invokeMethodWithArray(ReflectionUtils.java:189)
	at org.apache.maven.surefire.booter.ProviderFactory$ProviderProxy.invoke(ProviderFactory.java:165)
	at org.apache.maven.surefire.booter.ProviderFactory.invokeProvider(ProviderFactory.java:85)
	at org.apache.maven.surefire.booter.ForkedBooter.runSuitesInProcess(ForkedBooter.java:115)
	at org.apache.maven.surefire.booter.ForkedBooter.main(ForkedBooter.java:75)
Caused by: javax.mail.AuthenticationFailedException: 534-5.7.14 <https://accounts.google.com/signin/continue?sarp=1&scc=1&plt=AKgnsbu
534-5.7.14 2QQLMScqjbx7nH9xA2Jw34zdEGtX-pMu3T9lpa9z_MyXyEkT9SxzEz7BnzBxtXvl4HH7P
534-5.7.14 e8h-WV9T4en5i1qluIUkdpM4yTH5RlXvjt1H1_LHfhOG8mMrg7SFtJAIUj6Joj-h>
534-5.7.14 Please log in via your web browser and then try again.
534-5.7.14  Learn more at
534 5.7.14  https://support.google.com/mail/answer/78754 92sm9509573qth.92 - gsmtp

	at com.sun.mail.smtp.SMTPTransport$Authenticator.authenticate(SMTPTransport.java:826)
	at com.sun.mail.smtp.SMTPTransport.authenticate(SMTPTransport.java:761)
	at com.sun.mail.smtp.SMTPTransport.protocolConnect(SMTPTransport.java:685)
	at javax.mail.Service.connect(Service.java:317)
	at javax.mail.Service.connect(Service.java:176)
	at javax.mail.Service.connect(Service.java:125)
	at javax.mail.Transport.send0(Transport.java:194)
	at javax.mail.Transport.send(Transport.java:124)
	at ucab.dsw.servicio.Mailer.send(Mailer.java:59)
	... 34 more

