<?xml version="1.0" encoding="UTF-8" ?>
<testsuite tests="1" failures="0" name="pruebaORMWS_Test" time="0.742" errors="1" skipped="0">
  <properties>
[...]
</properties>
  <testcase classname="pruebaORMWS_Test" name="addUserTest" time="0.742">
    <error type="java.lang.ExceptionInInitializerError">java.lang.ExceptionInInitializerError
	at ucab.dsw.servicio.pruebaORMWS.addUser(pruebaORMWS.java:31)
	at pruebaORMWS_Test.addUserTest(pruebaORMWS_Test.java:25)
	at sun.reflect.NativeMethodAccessorImpl.invoke0(Native Method)
	at sun.reflect.NativeMethodAccessorImpl.invoke(NativeMethodAccessorImpl.java:62)
	at sun.reflect.DelegatingMethodAccessorImpl.invoke(DelegatingMethodAccessorImpl.java:43)
	at java.lang.reflect.Method.invoke(Method.java:498)
	at org.junit.runners.model.FrameworkMethod$1.runReflectiveCall(FrameworkMethod.java:59)
	at org.junit.internal.runners.model.ReflectiveCallable.run(ReflectiveCallable.java:12)
	at org.junit.runners.model.FrameworkMethod.invokeExplosively(FrameworkMethod.java:56)
	at org.junit.internal.runners.statements.InvokeMethod.evaluate(InvokeMethod.java:17)
	at org.junit.runners.ParentRunner$3.evaluate(ParentRunner.java:305)
	at org.junit.runners.BlockJUnit4ClassRunner$1.evaluate(BlockJUnit4ClassRunner.java:100)
	at org.junit.runners.ParentRunner.runLeaf(ParentRunner.java:365)
	at org.junit.runners.BlockJUnit4ClassRunner.runChild(BlockJUnit4ClassRunner.java:103)
	at org.junit.runners.BlockJUnit4ClassRunner.runChild(BlockJUnit4ClassRunner.java:63)
	at org.junit.runners.ParentRunner$4.run(ParentRunner.java:330)
	at org.junit.runners.ParentRunner$1.schedule(ParentRunner.java:78)
	at org.junit.runners.ParentRunner.runChildren(ParentRunner.java:328)
	at org.junit.runners.ParentRunner.access$100(ParentRunner.java:65)
	at org.junit.runners.ParentRunner$2.evaluate(ParentRunner.java:292)
	at org.junit.runners.ParentRunner$3.evaluate(ParentRunner.java:305)
	at org.junit.runners.ParentRunner.run(ParentRunner.java:412)
	at org.apache.maven.surefire.junit4.JUnit4Provider.execute(JUnit4Provider.java:252)
	at org.apache.maven.surefire.junit4.JUnit4Provider.executeTestSet(JUnit4Provider.java:141)
	at org.apache.maven.surefire.junit4.JUnit4Provider.invoke(JUnit4Provider.java:112)
	at sun.reflect.NativeMethodAccessorImpl.invoke0(Native Method)
	at sun.reflect.NativeMethodAccessorImpl.invoke(NativeMethodAccessorImpl.java:62)
	at sun.reflect.DelegatingMethodAccessorImpl.invoke(DelegatingMethodAccessorImpl.java:43)
	at java.lang.reflect.Method.invoke(Method.java:498)
	at org.apache.maven.surefire.util.ReflectionUtils.invokeMethodWithArray(ReflectionUtils.java:189)
	at org.apache.maven.surefire.booter.ProviderFactory$ProviderProxy.invoke(ProviderFactory.java:165)
	at org.apache.maven.surefire.booter.ProviderFactory.invokeProvider(ProviderFactory.java:85)
	at org.apache.maven.surefire.booter.ForkedBooter.runSuitesInProcess(ForkedBooter.java:115)
	at org.apache.maven.surefire.booter.ForkedBooter.main(ForkedBooter.java:75)
Caused by: Exception [EclipseLink-30005] (Eclipse Persistence Services - 2.6.5.v20170607-b3d05bd): org.eclipse.persistence.exceptions.PersistenceUnitLoadingException
Exception Description: An exception was thrown while searching for persistence archives with ClassLoader: sun.misc.Launcher$AppClassLoader@42a57993
Internal Exception: javax.persistence.PersistenceException: Exception [EclipseLink-28018] (Eclipse Persistence Services - 2.6.5.v20170607-b3d05bd): org.eclipse.persistence.exceptions.EntityManagerSetupException
Exception Description: Predeployment of PersistenceUnit [ormprueba] failed.
Internal Exception: Exception [EclipseLink-7154] (Eclipse Persistence Services - 2.6.5.v20170607-b3d05bd): org.eclipse.persistence.exceptions.ValidationException
Exception Description: The attribute [_subCategorias] in entity class [class ucab.dsw.entidades.Categoria] has a mappedBy value of [_idCategoria] which does not exist in its owning entity class [class ucab.dsw.entidades.SubCategoria]. If the owning entity class is a @MappedSuperclass, this is invalid, and your attribute should reference the correct subclass.
	at org.eclipse.persistence.exceptions.PersistenceUnitLoadingException.exceptionSearchingForPersistenceResources(PersistenceUnitLoadingException.java:127)
	at org.eclipse.persistence.jpa.PersistenceProvider.createEntityManagerFactoryImpl(PersistenceProvider.java:115)
	at org.eclipse.persistence.jpa.PersistenceProvider.createEntityManagerFactory(PersistenceProvider.java:188)
	at javax.persistence.Persistence.createEntityManagerFactory(Persistence.java:79)
	at javax.persistence.Persistence.createEntityManagerFactory(Persistence.java:54)
	at ucab.dsw.accesodatos.DaoHandler.&lt;init&gt;(DaoHandler.java:25)
	at ucab.dsw.accesodatos.DaoUsuario.&lt;clinit&gt;(DaoUsuario.java:10)
	... 34 more
Caused by: javax.persistence.PersistenceException: Exception [EclipseLink-28018] (Eclipse Persistence Services - 2.6.5.v20170607-b3d05bd): org.eclipse.persistence.exceptions.EntityManagerSetupException
Exception Description: Predeployment of PersistenceUnit [ormprueba] failed.
Internal Exception: Exception [EclipseLink-7154] (Eclipse Persistence Services - 2.6.5.v20170607-b3d05bd): org.eclipse.persistence.exceptions.ValidationException
Exception Description: The attribute [_subCategorias] in entity class [class ucab.dsw.entidades.Categoria] has a mappedBy value of [_idCategoria] which does not exist in its owning entity class [class ucab.dsw.entidades.SubCategoria]. If the owning entity class is a @MappedSuperclass, this is invalid, and your attribute should reference the correct subclass.
	at org.eclipse.persistence.internal.jpa.EntityManagerSetupImpl.createPredeployFailedPersistenceException(EntityManagerSetupImpl.java:2038)
	at org.eclipse.persistence.internal.jpa.EntityManagerSetupImpl.predeploy(EntityManagerSetupImpl.java:2029)
	at org.eclipse.persistence.internal.jpa.deployment.JPAInitializer.callPredeploy(JPAInitializer.java:100)
	at org.eclipse.persistence.jpa.PersistenceProvider.createEntityManagerFactoryImpl(PersistenceProvider.java:104)
	... 39 more
Caused by: Exception [EclipseLink-28018] (Eclipse Persistence Services - 2.6.5.v20170607-b3d05bd): org.eclipse.persistence.exceptions.EntityManagerSetupException
Exception Description: Predeployment of PersistenceUnit [ormprueba] failed.
Internal Exception: Exception [EclipseLink-7154] (Eclipse Persistence Services - 2.6.5.v20170607-b3d05bd): org.eclipse.persistence.exceptions.ValidationException
Exception Description: The attribute [_subCategorias] in entity class [class ucab.dsw.entidades.Categoria] has a mappedBy value of [_idCategoria] which does not exist in its owning entity class [class ucab.dsw.entidades.SubCategoria]. If the owning entity class is a @MappedSuperclass, this is invalid, and your attribute should reference the correct subclass.
	at org.eclipse.persistence.exceptions.EntityManagerSetupException.predeployFailed(EntityManagerSetupException.java:231)
	... 43 more
Caused by: Exception [EclipseLink-7154] (Eclipse Persistence Services - 2.6.5.v20170607-b3d05bd): org.eclipse.persistence.exceptions.ValidationException
Exception Description: The attribute [_subCategorias] in entity class [class ucab.dsw.entidades.Categoria] has a mappedBy value of [_idCategoria] which does not exist in its owning entity class [class ucab.dsw.entidades.SubCategoria]. If the owning entity class is a @MappedSuperclass, this is invalid, and your attribute should reference the correct subclass.
	at org.eclipse.persistence.exceptions.ValidationException.noMappedByAttributeFound(ValidationException.java:1374)
	at org.eclipse.persistence.internal.jpa.metadata.accessors.mappings.RelationshipAccessor.getOwningMapping(RelationshipAccessor.java:475)
	at org.eclipse.persistence.internal.jpa.metadata.accessors.mappings.OneToManyAccessor.processOneToManyMapping(OneToManyAccessor.java:210)
	at org.eclipse.persistence.internal.jpa.metadata.accessors.mappings.OneToManyAccessor.process(OneToManyAccessor.java:143)
	at org.eclipse.persistence.internal.jpa.metadata.MetadataProject.processNonOwningRelationshipAccessors(MetadataProject.java:1581)
	at org.eclipse.persistence.internal.jpa.metadata.MetadataProject.processStage3(MetadataProject.java:1870)
	at org.eclipse.persistence.internal.jpa.metadata.MetadataProcessor.processORMMetadata(MetadataProcessor.java:577)
	at org.eclipse.persistence.internal.jpa.deployment.PersistenceUnitProcessor.processORMetadata(PersistenceUnitProcessor.java:607)
	at org.eclipse.persistence.internal.jpa.EntityManagerSetupImpl.predeploy(EntityManagerSetupImpl.java:1951)
	... 41 more
</error>
    <system-out>[EL Fine]: moxy: 2020-12-03 00:45:50.374--Thread(Thread[main,5,main])--SAXParserFactory instance: com.sun.org.apache.xerces.internal.jaxp.SAXParserFactoryImpl@647e447
[EL Fine]: server: 2020-12-03 00:45:50.376--Thread(Thread[main,5,main])--Configured server platform: org.eclipse.persistence.platform.server.NoServerPlatform
[EL Config]: metadata: 2020-12-03 00:45:50.406--ServerSession(1997859171)--Thread(Thread[main,5,main])--The access type for the persistent class [class ucab.dsw.entidades.EntidadBase] is set to [FIELD].
[EL Config]: metadata: 2020-12-03 00:45:50.407--ServerSession(1997859171)--Thread(Thread[main,5,main])--The access type for the persistent class [class ucab.dsw.entidades.Pregunta] is set to [FIELD].
[EL Config]: metadata: 2020-12-03 00:45:50.407--ServerSession(1997859171)--Thread(Thread[main,5,main])--The target entity (reference) class for the many to one mapping element [field _tipoPregunta] is being defaulted to: class ucab.dsw.entidades.TipoPregunta.
[EL Config]: metadata: 2020-12-03 00:45:50.408--ServerSession(1997859171)--Thread(Thread[main,5,main])--The target entity (reference) class for the many to one mapping element [field _subCategoria] is being defaulted to: class ucab.dsw.entidades.SubCategoria.
[EL Config]: metadata: 2020-12-03 00:45:50.408--ServerSession(1997859171)--Thread(Thread[main,5,main])--The target entity (reference) class for the many to one mapping element [field _usuario] is being defaulted to: class ucab.dsw.entidades.Usuario.
[EL Config]: metadata: 2020-12-03 00:45:50.409--ServerSession(1997859171)--Thread(Thread[main,5,main])--The access type for the persistent class [class ucab.dsw.entidades.EjecucionEncuesta] is set to [FIELD].
[EL Config]: metadata: 2020-12-03 00:45:50.409--ServerSession(1997859171)--Thread(Thread[main,5,main])--The target entity (reference) class for the many to one mapping element [field _pregunta] is being defaulted to: class ucab.dsw.entidades.Pregunta.
[EL Config]: metadata: 2020-12-03 00:45:50.409--ServerSession(1997859171)--Thread(Thread[main,5,main])--The target entity (reference) class for the many to one mapping element [field _opcion] is being defaulted to: class ucab.dsw.entidades.Opcion.
[EL Config]: metadata: 2020-12-03 00:45:50.409--ServerSession(1997859171)--Thread(Thread[main,5,main])--The target entity (reference) class for the many to one mapping element [field _encuesta] is being defaulted to: class ucab.dsw.entidades.Encuesta.
[EL Config]: metadata: 2020-12-03 00:45:50.409--ServerSession(1997859171)--Thread(Thread[main,5,main])--The target entity (reference) class for the many to one mapping element [field _usuarioencuestado] is being defaulted to: class ucab.dsw.entidades.Usuario.
[EL Config]: metadata: 2020-12-03 00:45:50.41--ServerSession(1997859171)--Thread(Thread[main,5,main])--The access type for the persistent class [class ucab.dsw.entidades.TipoPregunta] is set to [FIELD].
[EL Config]: metadata: 2020-12-03 00:45:50.41--ServerSession(1997859171)--Thread(Thread[main,5,main])--The access type for the persistent class [class ucab.dsw.entidades.Solicitud] is set to [FIELD].
[EL Config]: metadata: 2020-12-03 00:45:50.41--ServerSession(1997859171)--Thread(Thread[main,5,main])--The target entity (reference) class for the many to one mapping element [field _subCategoria] is being defaulted to: class ucab.dsw.entidades.SubCategoria.
[EL Config]: metadata: 2020-12-03 00:45:50.411--ServerSession(1997859171)--Thread(Thread[main,5,main])--The target entity (reference) class for the many to one mapping element [field _usuario] is being defaulted to: class ucab.dsw.entidades.Usuario.
[EL Config]: metadata: 2020-12-03 00:45:50.411--ServerSession(1997859171)--Thread(Thread[main,5,main])--The access type for the persistent class [class ucab.dsw.entidades.Encuesta] is set to [FIELD].
[EL Config]: metadata: 2020-12-03 00:45:50.412--ServerSession(1997859171)--Thread(Thread[main,5,main])--The target entity (reference) class for the many to one mapping element [field _usuarioanalista] is being defaulted to: class ucab.dsw.entidades.Usuario.
[EL Config]: metadata: 2020-12-03 00:45:50.412--ServerSession(1997859171)--Thread(Thread[main,5,main])--The target entity (reference) class for the many to one mapping element [field _estudio] is being defaulted to: class ucab.dsw.entidades.Estudio.
[EL Config]: metadata: 2020-12-03 00:45:50.412--ServerSession(1997859171)--Thread(Thread[main,5,main])--The target entity (reference) class for the many to one mapping element [field _usuariocreador] is being defaulted to: class ucab.dsw.entidades.Usuario.
[EL Config]: metadata: 2020-12-03 00:45:50.413--ServerSession(1997859171)--Thread(Thread[main,5,main])--The access type for the persistent class [class ucab.dsw.entidades.SubCategoria] is set to [FIELD].
[EL Config]: metadata: 2020-12-03 00:45:50.413--ServerSession(1997859171)--Thread(Thread[main,5,main])--The target entity (reference) class for the many to one mapping element [field _categoria] is being defaulted to: class ucab.dsw.entidades.Categoria.
[EL Config]: metadata: 2020-12-03 00:45:50.413--ServerSession(1997859171)--Thread(Thread[main,5,main])--The access type for the persistent class [class ucab.dsw.entidades.Categoria] is set to [FIELD].
[EL Config]: metadata: 2020-12-03 00:45:50.414--ServerSession(1997859171)--Thread(Thread[main,5,main])--The target entity (reference) class for the one to many mapping element [field _subCategorias] is being defaulted to: class ucab.dsw.entidades.SubCategoria.
[EL Config]: metadata: 2020-12-03 00:45:50.414--ServerSession(1997859171)--Thread(Thread[main,5,main])--The access type for the persistent class [class ucab.dsw.entidades.Estudio] is set to [FIELD].
[EL Config]: metadata: 2020-12-03 00:45:50.424--ServerSession(1997859171)--Thread(Thread[main,5,main])--The target entity (reference) class for the many to one mapping element [field _solicitud] is being defaulted to: class ucab.dsw.entidades.Solicitud.
[EL Config]: metadata: 2020-12-03 00:45:50.425--ServerSession(1997859171)--Thread(Thread[main,5,main])--The target entity (reference) class for the many to one mapping element [field _usuario] is being defaulted to: class ucab.dsw.entidades.Usuario.
[EL Config]: metadata: 2020-12-03 00:45:50.425--ServerSession(1997859171)--Thread(Thread[main,5,main])--The access type for the persistent class [class ucab.dsw.entidades.Opcion] is set to [FIELD].
[EL Config]: metadata: 2020-12-03 00:45:50.425--ServerSession(1997859171)--Thread(Thread[main,5,main])--The target entity (reference) class for the many to one mapping element [field _pregunta] is being defaulted to: class ucab.dsw.entidades.Pregunta.
[EL Config]: metadata: 2020-12-03 00:45:50.425--ServerSession(1997859171)--Thread(Thread[main,5,main])--The access type for the persistent class [class ucab.dsw.entidades.TipoUsuario] is set to [FIELD].
[EL Config]: metadata: 2020-12-03 00:45:50.426--ServerSession(1997859171)--Thread(Thread[main,5,main])--The target entity (reference) class for the one to many mapping element [field _usuarios] is being defaulted to: class ucab.dsw.entidades.Usuario.
[EL Config]: metadata: 2020-12-03 00:45:50.426--ServerSession(1997859171)--Thread(Thread[main,5,main])--The access type for the persistent class [class ucab.dsw.entidades.Usuario] is set to [FIELD].
[EL Config]: metadata: 2020-12-03 00:45:50.426--ServerSession(1997859171)--Thread(Thread[main,5,main])--The target entity (reference) class for the many to one mapping element [field _tipousuario] is being defaulted to: class ucab.dsw.entidades.TipoUsuario.
[EL Config]: metadata: 2020-12-03 00:45:50.427--ServerSession(1997859171)--Thread(Thread[main,5,main])--The alias name for the entity class [class ucab.dsw.entidades.Pregunta] is being defaulted to: Pregunta.
[EL Config]: metadata: 2020-12-03 00:45:50.428--ServerSession(1997859171)--Thread(Thread[main,5,main])--The alias name for the entity class [class ucab.dsw.entidades.EjecucionEncuesta] is being defaulted to: EjecucionEncuesta.
[EL Config]: metadata: 2020-12-03 00:45:50.43--ServerSession(1997859171)--Thread(Thread[main,5,main])--The alias name for the entity class [class ucab.dsw.entidades.TipoPregunta] is being defaulted to: TipoPregunta.
[EL Config]: metadata: 2020-12-03 00:45:50.431--ServerSession(1997859171)--Thread(Thread[main,5,main])--The alias name for the entity class [class ucab.dsw.entidades.Solicitud] is being defaulted to: Solicitud.
[EL Config]: metadata: 2020-12-03 00:45:50.431--ServerSession(1997859171)--Thread(Thread[main,5,main])--The alias name for the entity class [class ucab.dsw.entidades.Encuesta] is being defaulted to: Encuesta.
[EL Config]: metadata: 2020-12-03 00:45:50.432--ServerSession(1997859171)--Thread(Thread[main,5,main])--The alias name for the entity class [class ucab.dsw.entidades.SubCategoria] is being defaulted to: SubCategoria.
[EL Config]: metadata: 2020-12-03 00:45:50.433--ServerSession(1997859171)--Thread(Thread[main,5,main])--The alias name for the entity class [class ucab.dsw.entidades.Categoria] is being defaulted to: Categoria.
[EL Config]: metadata: 2020-12-03 00:45:50.433--ServerSession(1997859171)--Thread(Thread[main,5,main])--The alias name for the entity class [class ucab.dsw.entidades.Estudio] is being defaulted to: Estudio.
[EL Config]: metadata: 2020-12-03 00:45:50.433--ServerSession(1997859171)--Thread(Thread[main,5,main])--The alias name for the entity class [class ucab.dsw.entidades.Opcion] is being defaulted to: Opcion.
[EL Config]: metadata: 2020-12-03 00:45:50.434--ServerSession(1997859171)--Thread(Thread[main,5,main])--The alias name for the entity class [class ucab.dsw.entidades.TipoUsuario] is being defaulted to: TipoUsuario.
[EL Config]: metadata: 2020-12-03 00:45:50.434--ServerSession(1997859171)--Thread(Thread[main,5,main])--The alias name for the entity class [class ucab.dsw.entidades.Usuario] is being defaulted to: Usuario.
[EL Config]: metadata: 2020-12-03 00:45:50.435--ServerSession(1997859171)--Thread(Thread[main,5,main])--The primary key column name for the mapping element [field _tipoPregunta] is being defaulted to: Id.
[EL Config]: metadata: 2020-12-03 00:45:50.435--ServerSession(1997859171)--Thread(Thread[main,5,main])--The primary key column name for the mapping element [field _subCategoria] is being defaulted to: Id.
[EL Config]: metadata: 2020-12-03 00:45:50.435--ServerSession(1997859171)--Thread(Thread[main,5,main])--The primary key column name for the mapping element [field _usuario] is being defaulted to: Id.
[EL Config]: metadata: 2020-12-03 00:45:50.436--ServerSession(1997859171)--Thread(Thread[main,5,main])--The primary key column name for the mapping element [field _pregunta] is being defaulted to: Id.
[EL Config]: metadata: 2020-12-03 00:45:50.436--ServerSession(1997859171)--Thread(Thread[main,5,main])--The primary key column name for the mapping element [field _opcion] is being defaulted to: Id.
[EL Config]: metadata: 2020-12-03 00:45:50.436--ServerSession(1997859171)--Thread(Thread[main,5,main])--The primary key column name for the mapping element [field _encuesta] is being defaulted to: Id.
[EL Config]: metadata: 2020-12-03 00:45:50.436--ServerSession(1997859171)--Thread(Thread[main,5,main])--The primary key column name for the mapping element [field _usuarioencuestado] is being defaulted to: Id.
[EL Config]: metadata: 2020-12-03 00:45:50.436--ServerSession(1997859171)--Thread(Thread[main,5,main])--The primary key column name for the mapping element [field _subCategoria] is being defaulted to: Id.
[EL Config]: metadata: 2020-12-03 00:45:50.437--ServerSession(1997859171)--Thread(Thread[main,5,main])--The primary key column name for the mapping element [field _usuario] is being defaulted to: Id.
[EL Config]: metadata: 2020-12-03 00:45:50.437--ServerSession(1997859171)--Thread(Thread[main,5,main])--The primary key column name for the mapping element [field _usuarioanalista] is being defaulted to: Id.
[EL Config]: metadata: 2020-12-03 00:45:50.437--ServerSession(1997859171)--Thread(Thread[main,5,main])--The primary key column name for the mapping element [field _estudio] is being defaulted to: Id.
[EL Config]: metadata: 2020-12-03 00:45:50.437--ServerSession(1997859171)--Thread(Thread[main,5,main])--The primary key column name for the mapping element [field _usuariocreador] is being defaulted to: Id.
[EL Config]: metadata: 2020-12-03 00:45:50.468--ServerSession(1997859171)--Thread(Thread[main,5,main])--The primary key column name for the mapping element [field _categoria] is being defaulted to: Id.
[EL Config]: metadata: 2020-12-03 00:45:50.468--ServerSession(1997859171)--Thread(Thread[main,5,main])--The primary key column name for the mapping element [field _solicitud] is being defaulted to: Id.
[EL Config]: metadata: 2020-12-03 00:45:50.468--ServerSession(1997859171)--Thread(Thread[main,5,main])--The primary key column name for the mapping element [field _usuario] is being defaulted to: Id.
[EL Config]: metadata: 2020-12-03 00:45:50.468--ServerSession(1997859171)--Thread(Thread[main,5,main])--The primary key column name for the mapping element [field _pregunta] is being defaulted to: Id.
[EL Config]: metadata: 2020-12-03 00:45:50.469--ServerSession(1997859171)--Thread(Thread[main,5,main])--The primary key column name for the mapping element [field _tipousuario] is being defaulted to: Id.
</system-out>
  </testcase>
</testsuite>