<?xml version="1.0" encoding="UTF-8" ?>
<testsuite tests="16" failures="0" name="EstudioORMWS_Test" time="8.85" errors="5" skipped="0">
  <properties>
[...]
</properties>
  <testcase classname="EstudioORMWS_Test" name="consultarEstudioTest" time="0.494">
    <error message="Error consultando un estudio" type="ucab.dsw.excepciones.GetException">ucab.dsw.excepciones.GetException: Error consultando un estudio
	at ucab.dsw.servicio.EstudioORMWS.consultarEstudio(EstudioORMWS.java:122)
	at EstudioORMWS_Test.consultarEstudioTest(EstudioORMWS_Test.java:169)
	at sun.reflect.NativeMethodAccessorImpl.invoke0(Native Method)
	at sun.reflect.NativeMethodAccessorImpl.invoke(NativeMethodAccessorImpl.java:62)
	at sun.reflect.DelegatingMethodAccessorImpl.invoke(DelegatingMethodAccessorImpl.java:43)
	at java.lang.reflect.Method.invoke(Method.java:498)
	at org.junit.runners.model.FrameworkMethod$1.runReflectiveCall(FrameworkMethod.java:59)
	at org.junit.internal.runners.model.ReflectiveCallable.run(ReflectiveCallable.java:12)
	at org.junit.runners.model.FrameworkMethod.invokeExplosively(FrameworkMethod.java:56)
	at org.junit.internal.runners.statements.InvokeMethod.evaluate(InvokeMethod.java:17)
	at org.junit.runners.ParentRunner$3.evaluate(ParentRunner.java:305)
	at org.junit.runners.BlockJUnit4ClassRunner$1.evaluate(BlockJUnit4ClassRunner.java:100)
	at org.junit.runners.ParentRunner.runLeaf(ParentRunner.java:365)
	at org.junit.runners.BlockJUnit4ClassRunner.runChild(BlockJUnit4ClassRunner.java:103)
	at org.junit.runners.BlockJUnit4ClassRunner.runChild(BlockJUnit4ClassRunner.java:63)
	at org.junit.runners.ParentRunner$4.run(ParentRunner.java:330)
	at org.junit.runners.ParentRunner$1.schedule(ParentRunner.java:78)
	at org.junit.runners.ParentRunner.runChildren(ParentRunner.java:328)
	at org.junit.runners.ParentRunner.access$100(ParentRunner.java:65)
	at org.junit.runners.ParentRunner$2.evaluate(ParentRunner.java:292)
	at org.junit.runners.ParentRunner$3.evaluate(ParentRunner.java:305)
	at org.junit.runners.ParentRunner.run(ParentRunner.java:412)
	at org.apache.maven.surefire.junit4.JUnit4Provider.execute(JUnit4Provider.java:252)
	at org.apache.maven.surefire.junit4.JUnit4Provider.executeTestSet(JUnit4Provider.java:141)
	at org.apache.maven.surefire.junit4.JUnit4Provider.invoke(JUnit4Provider.java:112)
	at sun.reflect.NativeMethodAccessorImpl.invoke0(Native Method)
	at sun.reflect.NativeMethodAccessorImpl.invoke(NativeMethodAccessorImpl.java:62)
	at sun.reflect.DelegatingMethodAccessorImpl.invoke(DelegatingMethodAccessorImpl.java:43)
	at java.lang.reflect.Method.invoke(Method.java:498)
	at org.apache.maven.surefire.util.ReflectionUtils.invokeMethodWithArray(ReflectionUtils.java:189)
	at org.apache.maven.surefire.booter.ProviderFactory$ProviderProxy.invoke(ProviderFactory.java:165)
	at org.apache.maven.surefire.booter.ProviderFactory.invokeProvider(ProviderFactory.java:85)
	at org.apache.maven.surefire.booter.ForkedBooter.runSuitesInProcess(ForkedBooter.java:115)
	at org.apache.maven.surefire.booter.ForkedBooter.main(ForkedBooter.java:75)
</error>
    <system-out>[EL Fine]: sql: 2021-02-02 13:53:27.091--ServerSession(172032696)--Connection(2038105753)--Thread(Thread[main,5,main])--SELECT codigo, estado, estatus, fechaFin, fechaInicio, nombre, fk_solicitudEstudio, fk_usuario FROM estudio WHERE (codigo = ?)
	bind =&gt; [4]
</system-out>
  </testcase>
  <testcase classname="EstudioORMWS_Test" name="resultadosEstudioTest" time="0.006">
    <error message="Error consultando los resultados de un estudio" type="ucab.dsw.excepciones.GetException">ucab.dsw.excepciones.GetException: Error consultando los resultados de un estudio
	at ucab.dsw.servicio.EstudioORMWS.resultadosEstudio(EstudioORMWS.java:270)
	at EstudioORMWS_Test.resultadosEstudioTest(EstudioORMWS_Test.java:79)
	at sun.reflect.NativeMethodAccessorImpl.invoke0(Native Method)
	at sun.reflect.NativeMethodAccessorImpl.invoke(NativeMethodAccessorImpl.java:62)
	at sun.reflect.DelegatingMethodAccessorImpl.invoke(DelegatingMethodAccessorImpl.java:43)
	at java.lang.reflect.Method.invoke(Method.java:498)
	at org.junit.runners.model.FrameworkMethod$1.runReflectiveCall(FrameworkMethod.java:59)
	at org.junit.internal.runners.model.ReflectiveCallable.run(ReflectiveCallable.java:12)
	at org.junit.runners.model.FrameworkMethod.invokeExplosively(FrameworkMethod.java:56)
	at org.junit.internal.runners.statements.InvokeMethod.evaluate(InvokeMethod.java:17)
	at org.junit.runners.ParentRunner$3.evaluate(ParentRunner.java:305)
	at org.junit.runners.BlockJUnit4ClassRunner$1.evaluate(BlockJUnit4ClassRunner.java:100)
	at org.junit.runners.ParentRunner.runLeaf(ParentRunner.java:365)
	at org.junit.runners.BlockJUnit4ClassRunner.runChild(BlockJUnit4ClassRunner.java:103)
	at org.junit.runners.BlockJUnit4ClassRunner.runChild(BlockJUnit4ClassRunner.java:63)
	at org.junit.runners.ParentRunner$4.run(ParentRunner.java:330)
	at org.junit.runners.ParentRunner$1.schedule(ParentRunner.java:78)
	at org.junit.runners.ParentRunner.runChildren(ParentRunner.java:328)
	at org.junit.runners.ParentRunner.access$100(ParentRunner.java:65)
	at org.junit.runners.ParentRunner$2.evaluate(ParentRunner.java:292)
	at org.junit.runners.ParentRunner$3.evaluate(ParentRunner.java:305)
	at org.junit.runners.ParentRunner.run(ParentRunner.java:412)
	at org.apache.maven.surefire.junit4.JUnit4Provider.execute(JUnit4Provider.java:252)
	at org.apache.maven.surefire.junit4.JUnit4Provider.executeTestSet(JUnit4Provider.java:141)
	at org.apache.maven.surefire.junit4.JUnit4Provider.invoke(JUnit4Provider.java:112)
	at sun.reflect.NativeMethodAccessorImpl.invoke0(Native Method)
	at sun.reflect.NativeMethodAccessorImpl.invoke(NativeMethodAccessorImpl.java:62)
	at sun.reflect.DelegatingMethodAccessorImpl.invoke(DelegatingMethodAccessorImpl.java:43)
	at java.lang.reflect.Method.invoke(Method.java:498)
	at org.apache.maven.surefire.util.ReflectionUtils.invokeMethodWithArray(ReflectionUtils.java:189)
	at org.apache.maven.surefire.booter.ProviderFactory$ProviderProxy.invoke(ProviderFactory.java:165)
	at org.apache.maven.surefire.booter.ProviderFactory.invokeProvider(ProviderFactory.java:85)
	at org.apache.maven.surefire.booter.ForkedBooter.runSuitesInProcess(ForkedBooter.java:115)
	at org.apache.maven.surefire.booter.ForkedBooter.main(ForkedBooter.java:75)
</error>
    <system-out>[EL Fine]: sql: 2021-02-02 13:53:27.662--ServerSession(172032696)--Connection(2038105753)--Thread(Thread[main,5,main])--SELECT codigo, estado, estatus, fechaFin, fechaInicio, nombre, fk_solicitudEstudio, fk_usuario FROM estudio WHERE (codigo = ?)
	bind =&gt; [4]
</system-out>
  </testcase>
  <testcase classname="EstudioORMWS_Test" name="getEstudiosUsuarioTest" time="3.682"/>
  <testcase classname="EstudioORMWS_Test" name="addEstudioTest" time="0.443"/>
  <testcase classname="EstudioORMWS_Test" name="obtenerEstudiosRecomendadosTest" time="0.062"/>
  <testcase classname="EstudioORMWS_Test" name="validarParticipacionTest" time="0.067"/>
  <testcase classname="EstudioORMWS_Test" name="obtenerPoblacionEstudioTest" time="0.353">
    <error message="Error consultando la población de un estudio" type="ucab.dsw.excepciones.GetException">ucab.dsw.excepciones.GetException: Error consultando la población de un estudio
	at ucab.dsw.servicio.EstudioORMWS.obtenerPoblacionEstudio(EstudioORMWS.java:459)
	at EstudioORMWS_Test.obtenerPoblacionEstudioTest(EstudioORMWS_Test.java:107)
	at sun.reflect.NativeMethodAccessorImpl.invoke0(Native Method)
	at sun.reflect.NativeMethodAccessorImpl.invoke(NativeMethodAccessorImpl.java:62)
	at sun.reflect.DelegatingMethodAccessorImpl.invoke(DelegatingMethodAccessorImpl.java:43)
	at java.lang.reflect.Method.invoke(Method.java:498)
	at org.junit.runners.model.FrameworkMethod$1.runReflectiveCall(FrameworkMethod.java:59)
	at org.junit.internal.runners.model.ReflectiveCallable.run(ReflectiveCallable.java:12)
	at org.junit.runners.model.FrameworkMethod.invokeExplosively(FrameworkMethod.java:56)
	at org.junit.internal.runners.statements.InvokeMethod.evaluate(InvokeMethod.java:17)
	at org.junit.runners.ParentRunner$3.evaluate(ParentRunner.java:305)
	at org.junit.runners.BlockJUnit4ClassRunner$1.evaluate(BlockJUnit4ClassRunner.java:100)
	at org.junit.runners.ParentRunner.runLeaf(ParentRunner.java:365)
	at org.junit.runners.BlockJUnit4ClassRunner.runChild(BlockJUnit4ClassRunner.java:103)
	at org.junit.runners.BlockJUnit4ClassRunner.runChild(BlockJUnit4ClassRunner.java:63)
	at org.junit.runners.ParentRunner$4.run(ParentRunner.java:330)
	at org.junit.runners.ParentRunner$1.schedule(ParentRunner.java:78)
	at org.junit.runners.ParentRunner.runChildren(ParentRunner.java:328)
	at org.junit.runners.ParentRunner.access$100(ParentRunner.java:65)
	at org.junit.runners.ParentRunner$2.evaluate(ParentRunner.java:292)
	at org.junit.runners.ParentRunner$3.evaluate(ParentRunner.java:305)
	at org.junit.runners.ParentRunner.run(ParentRunner.java:412)
	at org.apache.maven.surefire.junit4.JUnit4Provider.execute(JUnit4Provider.java:252)
	at org.apache.maven.surefire.junit4.JUnit4Provider.executeTestSet(JUnit4Provider.java:141)
	at org.apache.maven.surefire.junit4.JUnit4Provider.invoke(JUnit4Provider.java:112)
	at sun.reflect.NativeMethodAccessorImpl.invoke0(Native Method)
	at sun.reflect.NativeMethodAccessorImpl.invoke(NativeMethodAccessorImpl.java:62)
	at sun.reflect.DelegatingMethodAccessorImpl.invoke(DelegatingMethodAccessorImpl.java:43)
	at java.lang.reflect.Method.invoke(Method.java:498)
	at org.apache.maven.surefire.util.ReflectionUtils.invokeMethodWithArray(ReflectionUtils.java:189)
	at org.apache.maven.surefire.booter.ProviderFactory$ProviderProxy.invoke(ProviderFactory.java:165)
	at org.apache.maven.surefire.booter.ProviderFactory.invokeProvider(ProviderFactory.java:85)
	at org.apache.maven.surefire.booter.ForkedBooter.runSuitesInProcess(ForkedBooter.java:115)
	at org.apache.maven.surefire.booter.ForkedBooter.main(ForkedBooter.java:75)
</error>
    <system-out>[EL Fine]: sql: 2021-02-02 13:53:32.006--ServerSession(172032696)--Connection(2038105753)--Thread(Thread[main,5,main])--SELECT t0.codigo, t0.codigoRecuperacion, t0.correo, t0.estado, t0.nombreUsuario, t0.password, t0.token, t0.fk_datoUsuario, t0.fk_rol FROM usuario t0, dato_usuario t2, dato_usuario t1 WHERE ((((((((((t1.codigo = t2.codigo) AND (t2.conCuantasPersonasVive = ?)) AND (t2.disponibilidadEnLinea = ?)) AND ((? - YEAR(t2.fechaNacimiento)) &gt;= ?)) AND ((? - YEAR(t2.fechaNacimiento)) &lt;= ?)) AND (t2.sexo = ?)) AND (t2.fk_nivelEconomico = ?)) AND (t2.fk_ocupacion = ?)) AND t2.fk_lugar IN (SELECT t3.codigo.t3.codigo FROM region_estudio t4, lugar t3 WHERE ((t4.fk_solicitudEstudio = ?) AND (t3.codigo = t4.fk_lugar)))) AND (t1.codigo = t0.fk_datoUsuario)) ORDER BY t0.codigo
	bind =&gt; [1, Si, 2021, 15, 2021, 20, Masculino, 1, 1, 1]
[EL Fine]: sql: 2021-02-02 13:53:32.232--ServerSession(172032696)--Thread(Thread[main,5,main])--SELECT 1
[EL Warning]: 2021-02-02 13:53:32.236--UnitOfWork(2029645118)--Thread(Thread[main,5,main])--Exception [EclipseLink-4002] (Eclipse Persistence Services - 2.6.5.v20170607-b3d05bd): org.eclipse.persistence.exceptions.DatabaseException
Internal Exception: java.sql.SQLSyntaxErrorException: You have an error in your SQL syntax; check the manual that corresponds to your MySQL server version for the right syntax to use near &apos;.codigo FROM region_estudio t4, lugar t3 WHERE ((t4.fk_solicitudEstudio = 1) AND&apos; at line 1
Error Code: 1064
Call: SELECT t0.codigo, t0.codigoRecuperacion, t0.correo, t0.estado, t0.nombreUsuario, t0.password, t0.token, t0.fk_datoUsuario, t0.fk_rol FROM usuario t0, dato_usuario t2, dato_usuario t1 WHERE ((((((((((t1.codigo = t2.codigo) AND (t2.conCuantasPersonasVive = ?)) AND (t2.disponibilidadEnLinea = ?)) AND ((? - YEAR(t2.fechaNacimiento)) &gt;= ?)) AND ((? - YEAR(t2.fechaNacimiento)) &lt;= ?)) AND (t2.sexo = ?)) AND (t2.fk_nivelEconomico = ?)) AND (t2.fk_ocupacion = ?)) AND t2.fk_lugar IN (SELECT t3.codigo.t3.codigo FROM region_estudio t4, lugar t3 WHERE ((t4.fk_solicitudEstudio = ?) AND (t3.codigo = t4.fk_lugar)))) AND (t1.codigo = t0.fk_datoUsuario)) ORDER BY t0.codigo
	bind =&gt; [1, Si, 2021, 15, 2021, 20, Masculino, 1, 1, 1]
Query: ReportQuery(referenceClass=Dato_usuario sql=&quot;SELECT t0.codigo, t0.codigoRecuperacion, t0.correo, t0.estado, t0.nombreUsuario, t0.password, t0.token, t0.fk_datoUsuario, t0.fk_rol FROM usuario t0, dato_usuario t2, dato_usuario t1 WHERE ((((((((((t1.codigo = t2.codigo) AND (t2.conCuantasPersonasVive = ?)) AND (t2.disponibilidadEnLinea = ?)) AND ((? - YEAR(t2.fechaNacimiento)) &gt;= ?)) AND ((? - YEAR(t2.fechaNacimiento)) &lt;= ?)) AND (t2.sexo = ?)) AND (t2.fk_nivelEconomico = ?)) AND (t2.fk_ocupacion = ?)) AND t2.fk_lugar IN (SELECT t3.codigo.t3.codigo FROM region_estudio t4, lugar t3 WHERE ((t4.fk_solicitudEstudio = ?) AND (t3.codigo = t4.fk_lugar)))) AND (t1.codigo = t0.fk_datoUsuario)) ORDER BY t0.codigo&quot;)
</system-out>
  </testcase>
  <testcase classname="EstudioORMWS_Test" name="addEstudioPorRecomendacionTest" time="2.093"/>
  <testcase classname="EstudioORMWS_Test" name="resultadosEncuestadoTest" time="0.005">
    <error message="Error consultando las respuestas del encuestado para un estudio" type="ucab.dsw.excepciones.GetException">ucab.dsw.excepciones.GetException: Error consultando las respuestas del encuestado para un estudio
	at ucab.dsw.servicio.EstudioORMWS.resultadosEncuestado(EstudioORMWS.java:562)
	at EstudioORMWS_Test.resultadosEncuestadoTest(EstudioORMWS_Test.java:191)
	at sun.reflect.NativeMethodAccessorImpl.invoke0(Native Method)
	at sun.reflect.NativeMethodAccessorImpl.invoke(NativeMethodAccessorImpl.java:62)
	at sun.reflect.DelegatingMethodAccessorImpl.invoke(DelegatingMethodAccessorImpl.java:43)
	at java.lang.reflect.Method.invoke(Method.java:498)
	at org.junit.runners.model.FrameworkMethod$1.runReflectiveCall(FrameworkMethod.java:59)
	at org.junit.internal.runners.model.ReflectiveCallable.run(ReflectiveCallable.java:12)
	at org.junit.runners.model.FrameworkMethod.invokeExplosively(FrameworkMethod.java:56)
	at org.junit.internal.runners.statements.InvokeMethod.evaluate(InvokeMethod.java:17)
	at org.junit.runners.ParentRunner$3.evaluate(ParentRunner.java:305)
	at org.junit.runners.BlockJUnit4ClassRunner$1.evaluate(BlockJUnit4ClassRunner.java:100)
	at org.junit.runners.ParentRunner.runLeaf(ParentRunner.java:365)
	at org.junit.runners.BlockJUnit4ClassRunner.runChild(BlockJUnit4ClassRunner.java:103)
	at org.junit.runners.BlockJUnit4ClassRunner.runChild(BlockJUnit4ClassRunner.java:63)
	at org.junit.runners.ParentRunner$4.run(ParentRunner.java:330)
	at org.junit.runners.ParentRunner$1.schedule(ParentRunner.java:78)
	at org.junit.runners.ParentRunner.runChildren(ParentRunner.java:328)
	at org.junit.runners.ParentRunner.access$100(ParentRunner.java:65)
	at org.junit.runners.ParentRunner$2.evaluate(ParentRunner.java:292)
	at org.junit.runners.ParentRunner$3.evaluate(ParentRunner.java:305)
	at org.junit.runners.ParentRunner.run(ParentRunner.java:412)
	at org.apache.maven.surefire.junit4.JUnit4Provider.execute(JUnit4Provider.java:252)
	at org.apache.maven.surefire.junit4.JUnit4Provider.executeTestSet(JUnit4Provider.java:141)
	at org.apache.maven.surefire.junit4.JUnit4Provider.invoke(JUnit4Provider.java:112)
	at sun.reflect.NativeMethodAccessorImpl.invoke0(Native Method)
	at sun.reflect.NativeMethodAccessorImpl.invoke(NativeMethodAccessorImpl.java:62)
	at sun.reflect.DelegatingMethodAccessorImpl.invoke(DelegatingMethodAccessorImpl.java:43)
	at java.lang.reflect.Method.invoke(Method.java:498)
	at org.apache.maven.surefire.util.ReflectionUtils.invokeMethodWithArray(ReflectionUtils.java:189)
	at org.apache.maven.surefire.booter.ProviderFactory$ProviderProxy.invoke(ProviderFactory.java:165)
	at org.apache.maven.surefire.booter.ProviderFactory.invokeProvider(ProviderFactory.java:85)
	at org.apache.maven.surefire.booter.ForkedBooter.runSuitesInProcess(ForkedBooter.java:115)
	at org.apache.maven.surefire.booter.ForkedBooter.main(ForkedBooter.java:75)
</error>
    <system-out>[EL Fine]: sql: 2021-02-02 13:53:34.368--ServerSession(172032696)--Connection(2038105753)--Thread(Thread[main,5,main])--SELECT codigo, estado, estatus, fechaFin, fechaInicio, nombre, fk_solicitudEstudio, fk_usuario FROM estudio WHERE (codigo = ?)
	bind =&gt; [1]
</system-out>
  </testcase>
  <testcase classname="EstudioORMWS_Test" name="validarContestadoTest" time="0.019"/>
  <testcase classname="EstudioORMWS_Test" name="showEstudiosTest" time="0.093"/>
  <testcase classname="EstudioORMWS_Test" name="contarParticipantesTest" time="0.977"/>
  <testcase classname="EstudioORMWS_Test" name="obtenerRecomendacionesTest" time="0.382"/>
  <testcase classname="EstudioORMWS_Test" name="updateEstudioTest" time="0.025">
    <error message="Error actualizando un estudio" type="ucab.dsw.excepciones.UpdateException">ucab.dsw.excepciones.UpdateException: Error actualizando un estudio
	at ucab.dsw.servicio.EstudioORMWS.updateEstudio(EstudioORMWS.java:160)
	at EstudioORMWS_Test.updateEstudioTest(EstudioORMWS_Test.java:68)
	at sun.reflect.NativeMethodAccessorImpl.invoke0(Native Method)
	at sun.reflect.NativeMethodAccessorImpl.invoke(NativeMethodAccessorImpl.java:62)
	at sun.reflect.DelegatingMethodAccessorImpl.invoke(DelegatingMethodAccessorImpl.java:43)
	at java.lang.reflect.Method.invoke(Method.java:498)
	at org.junit.runners.model.FrameworkMethod$1.runReflectiveCall(FrameworkMethod.java:59)
	at org.junit.internal.runners.model.ReflectiveCallable.run(ReflectiveCallable.java:12)
	at org.junit.runners.model.FrameworkMethod.invokeExplosively(FrameworkMethod.java:56)
	at org.junit.internal.runners.statements.InvokeMethod.evaluate(InvokeMethod.java:17)
	at org.junit.runners.ParentRunner$3.evaluate(ParentRunner.java:305)
	at org.junit.runners.BlockJUnit4ClassRunner$1.evaluate(BlockJUnit4ClassRunner.java:100)
	at org.junit.runners.ParentRunner.runLeaf(ParentRunner.java:365)
	at org.junit.runners.BlockJUnit4ClassRunner.runChild(BlockJUnit4ClassRunner.java:103)
	at org.junit.runners.BlockJUnit4ClassRunner.runChild(BlockJUnit4ClassRunner.java:63)
	at org.junit.runners.ParentRunner$4.run(ParentRunner.java:330)
	at org.junit.runners.ParentRunner$1.schedule(ParentRunner.java:78)
	at org.junit.runners.ParentRunner.runChildren(ParentRunner.java:328)
	at org.junit.runners.ParentRunner.access$100(ParentRunner.java:65)
	at org.junit.runners.ParentRunner$2.evaluate(ParentRunner.java:292)
	at org.junit.runners.ParentRunner$3.evaluate(ParentRunner.java:305)
	at org.junit.runners.ParentRunner.run(ParentRunner.java:412)
	at org.apache.maven.surefire.junit4.JUnit4Provider.execute(JUnit4Provider.java:252)
	at org.apache.maven.surefire.junit4.JUnit4Provider.executeTestSet(JUnit4Provider.java:141)
	at org.apache.maven.surefire.junit4.JUnit4Provider.invoke(JUnit4Provider.java:112)
	at sun.reflect.NativeMethodAccessorImpl.invoke0(Native Method)
	at sun.reflect.NativeMethodAccessorImpl.invoke(NativeMethodAccessorImpl.java:62)
	at sun.reflect.DelegatingMethodAccessorImpl.invoke(DelegatingMethodAccessorImpl.java:43)
	at java.lang.reflect.Method.invoke(Method.java:498)
	at org.apache.maven.surefire.util.ReflectionUtils.invokeMethodWithArray(ReflectionUtils.java:189)
	at org.apache.maven.surefire.booter.ProviderFactory$ProviderProxy.invoke(ProviderFactory.java:165)
	at org.apache.maven.surefire.booter.ProviderFactory.invokeProvider(ProviderFactory.java:85)
	at org.apache.maven.surefire.booter.ForkedBooter.runSuitesInProcess(ForkedBooter.java:115)
	at org.apache.maven.surefire.booter.ForkedBooter.main(ForkedBooter.java:75)
</error>
    <system-out>[EL Fine]: sql: 2021-02-02 13:53:35.857--ServerSession(172032696)--Connection(2038105753)--Thread(Thread[main,5,main])--SELECT codigo, estado, estatus, fechaFin, fechaInicio, nombre, fk_solicitudEstudio, fk_usuario FROM estudio WHERE (codigo = ?)
	bind =&gt; [1]
</system-out>
  </testcase>
  <testcase classname="EstudioORMWS_Test" name="getEstudiosRespondidosEncuestadoTest" time="0.075"/>
  <testcase classname="EstudioORMWS_Test" name="getEstudiosClienteTest" time="0.074"/>
</testsuite>