<?xml version="1.0" encoding="UTF-8" ?>
<testsuite tests="4" failures="3" name="categoriaORMWS_Test" time="7.628" errors="1" skipped="0">
  <properties>
[...]
</properties>
  <testcase classname="categoriaORMWS_Test" name="deleteCategoriaTest" time="7.142">
    <failure message="Values should be different. Actual: 0" type="java.lang.AssertionError">java.lang.AssertionError: Values should be different. Actual: 0
	at org.junit.Assert.fail(Assert.java:89)
	at org.junit.Assert.failEquals(Assert.java:187)
	at org.junit.Assert.assertNotEquals(Assert.java:201)
	at org.junit.Assert.assertNotEquals(Assert.java:213)
	at categoriaORMWS_Test.deleteCategoriaTest(categoriaORMWS_Test.java:47)
	at sun.reflect.NativeMethodAccessorImpl.invoke0(Native Method)
	at sun.reflect.NativeMethodAccessorImpl.invoke(NativeMethodAccessorImpl.java:62)
	at sun.reflect.DelegatingMethodAccessorImpl.invoke(DelegatingMethodAccessorImpl.java:43)
	at java.lang.reflect.Method.invoke(Method.java:498)
	at org.junit.runners.model.FrameworkMethod$1.runReflectiveCall(FrameworkMethod.java:59)
	at org.junit.internal.runners.model.ReflectiveCallable.run(ReflectiveCallable.java:12)
	at org.junit.runners.model.FrameworkMethod.invokeExplosively(FrameworkMethod.java:56)
	at org.junit.internal.runners.statements.InvokeMethod.evaluate(InvokeMethod.java:17)
	at org.junit.runners.ParentRunner$3.evaluate(ParentRunner.java:305)
	at org.junit.runners.BlockJUnit4ClassRunner$1.evaluate(BlockJUnit4ClassRunner.java:100)
	at org.junit.runners.ParentRunner.runLeaf(ParentRunner.java:365)
	at org.junit.runners.BlockJUnit4ClassRunner.runChild(BlockJUnit4ClassRunner.java:103)
	at org.junit.runners.BlockJUnit4ClassRunner.runChild(BlockJUnit4ClassRunner.java:63)
	at org.junit.runners.ParentRunner$4.run(ParentRunner.java:330)
	at org.junit.runners.ParentRunner$1.schedule(ParentRunner.java:78)
	at org.junit.runners.ParentRunner.runChildren(ParentRunner.java:328)
	at org.junit.runners.ParentRunner.access$100(ParentRunner.java:65)
	at org.junit.runners.ParentRunner$2.evaluate(ParentRunner.java:292)
	at org.junit.runners.ParentRunner$3.evaluate(ParentRunner.java:305)
	at org.junit.runners.ParentRunner.run(ParentRunner.java:412)
	at org.apache.maven.surefire.junit4.JUnit4Provider.execute(JUnit4Provider.java:252)
	at org.apache.maven.surefire.junit4.JUnit4Provider.executeTestSet(JUnit4Provider.java:141)
	at org.apache.maven.surefire.junit4.JUnit4Provider.invoke(JUnit4Provider.java:112)
	at sun.reflect.NativeMethodAccessorImpl.invoke0(Native Method)
	at sun.reflect.NativeMethodAccessorImpl.invoke(NativeMethodAccessorImpl.java:62)
	at sun.reflect.DelegatingMethodAccessorImpl.invoke(DelegatingMethodAccessorImpl.java:43)
	at java.lang.reflect.Method.invoke(Method.java:498)
	at org.apache.maven.surefire.util.ReflectionUtils.invokeMethodWithArray(ReflectionUtils.java:189)
	at org.apache.maven.surefire.booter.ProviderFactory$ProviderProxy.invoke(ProviderFactory.java:165)
	at org.apache.maven.surefire.booter.ProviderFactory.invokeProvider(ProviderFactory.java:85)
	at org.apache.maven.surefire.booter.ForkedBooter.runSuitesInProcess(ForkedBooter.java:115)
	at org.apache.maven.surefire.booter.ForkedBooter.main(ForkedBooter.java:75)
</failure>
    <system-out>[EL Fine]: server: 2020-12-09 18:42:43.422--Thread(Thread[main,5,main])--Configured server platform: org.eclipse.persistence.platform.server.NoServerPlatform
[EL Config]: metadata: 2020-12-09 18:42:43.955--ServerSession(1143371233)--Thread(Thread[main,5,main])--The access type for the persistent class [class ucab.dsw.entidades.EntidadBase] is set to [FIELD].
[EL Config]: metadata: 2020-12-09 18:42:44.049--ServerSession(1143371233)--Thread(Thread[main,5,main])--The access type for the persistent class [class ucab.dsw.entidades.Marca] is set to [FIELD].
[EL Config]: metadata: 2020-12-09 18:42:44.055--ServerSession(1143371233)--Thread(Thread[main,5,main])--The access type for the persistent class [class ucab.dsw.entidades.Respuesta_pregunta] is set to [FIELD].
[EL Config]: metadata: 2020-12-09 18:42:44.084--ServerSession(1143371233)--Thread(Thread[main,5,main])--The target entity (reference) class for the many to one mapping element [field _preguntaEncuesta] is being defaulted to: class ucab.dsw.entidades.Pregunta_encuesta.
[EL Config]: metadata: 2020-12-09 18:42:44.085--ServerSession(1143371233)--Thread(Thread[main,5,main])--The access type for the persistent class [class ucab.dsw.entidades.Lugar] is set to [FIELD].
[EL Config]: metadata: 2020-12-09 18:42:44.086--ServerSession(1143371233)--Thread(Thread[main,5,main])--The target entity (reference) class for the many to one mapping element [field _lugar] is being defaulted to: class ucab.dsw.entidades.Lugar.
[EL Config]: metadata: 2020-12-09 18:42:44.087--ServerSession(1143371233)--Thread(Thread[main,5,main])--The access type for the persistent class [class ucab.dsw.entidades.Nivel_academico] is set to [FIELD].
[EL Config]: metadata: 2020-12-09 18:42:44.088--ServerSession(1143371233)--Thread(Thread[main,5,main])--The access type for the persistent class [class ucab.dsw.entidades.Solicitud_estudio] is set to [FIELD].
[EL Config]: metadata: 2020-12-09 18:42:44.089--ServerSession(1143371233)--Thread(Thread[main,5,main])--The target entity (reference) class for the many to one mapping element [field _ocupacion] is being defaulted to: class ucab.dsw.entidades.Ocupacion.
[EL Config]: metadata: 2020-12-09 18:42:44.09--ServerSession(1143371233)--Thread(Thread[main,5,main])--The target entity (reference) class for the many to one mapping element [field _usuario] is being defaulted to: class ucab.dsw.entidades.Usuario.
[EL Config]: metadata: 2020-12-09 18:42:44.091--ServerSession(1143371233)--Thread(Thread[main,5,main])--The target entity (reference) class for the many to one mapping element [field _producto] is being defaulted to: class ucab.dsw.entidades.Producto.
[EL Config]: metadata: 2020-12-09 18:42:44.092--ServerSession(1143371233)--Thread(Thread[main,5,main])--The target entity (reference) class for the many to one mapping element [field _nivelEconomico] is being defaulted to: class ucab.dsw.entidades.Nivel_economico.
[EL Config]: metadata: 2020-12-09 18:42:44.095--ServerSession(1143371233)--Thread(Thread[main,5,main])--The access type for the persistent class [class ucab.dsw.entidades.Usuario] is set to [FIELD].
[EL Config]: metadata: 2020-12-09 18:42:44.097--ServerSession(1143371233)--Thread(Thread[main,5,main])--The target entity (reference) class for the many to one mapping element [field _rol] is being defaulted to: class ucab.dsw.entidades.Rol.
[EL Config]: metadata: 2020-12-09 18:42:44.098--ServerSession(1143371233)--Thread(Thread[main,5,main])--The target entity (reference) class for the many to one mapping element [field _datoUsuario] is being defaulted to: class ucab.dsw.entidades.Dato_usuario.
[EL Config]: metadata: 2020-12-09 18:42:44.1--ServerSession(1143371233)--Thread(Thread[main,5,main])--The access type for the persistent class [class ucab.dsw.entidades.Producto_presentacion] is set to [FIELD].
[EL Config]: metadata: 2020-12-09 18:42:44.103--ServerSession(1143371233)--Thread(Thread[main,5,main])--The target entity (reference) class for the many to one mapping element [field _presentacion] is being defaulted to: class ucab.dsw.entidades.Presentacion.
[EL Config]: metadata: 2020-12-09 18:42:44.11--ServerSession(1143371233)--Thread(Thread[main,5,main])--The target entity (reference) class for the many to one mapping element [field _producto] is being defaulted to: class ucab.dsw.entidades.Producto.
[EL Config]: metadata: 2020-12-09 18:42:44.117--ServerSession(1143371233)--Thread(Thread[main,5,main])--The access type for the persistent class [class ucab.dsw.entidades.Tipo] is set to [FIELD].
[EL Config]: metadata: 2020-12-09 18:42:44.119--ServerSession(1143371233)--Thread(Thread[main,5,main])--The target entity (reference) class for the many to one mapping element [field _producto] is being defaulted to: class ucab.dsw.entidades.Producto.
[EL Config]: metadata: 2020-12-09 18:42:44.124--ServerSession(1143371233)--Thread(Thread[main,5,main])--The access type for the persistent class [class ucab.dsw.entidades.Respuesta] is set to [FIELD].
[EL Config]: metadata: 2020-12-09 18:42:44.126--ServerSession(1143371233)--Thread(Thread[main,5,main])--The target entity (reference) class for the many to one mapping element [field _preguntaEstudio] is being defaulted to: class ucab.dsw.entidades.Pregunta_estudio.
[EL Config]: metadata: 2020-12-09 18:42:44.128--ServerSession(1143371233)--Thread(Thread[main,5,main])--The target entity (reference) class for the many to one mapping element [field _usuario] is being defaulted to: class ucab.dsw.entidades.Usuario.
[EL Config]: metadata: 2020-12-09 18:42:44.143--ServerSession(1143371233)--Thread(Thread[main,5,main])--The access type for the persistent class [class ucab.dsw.entidades.Pregunta_estudio] is set to [FIELD].
[EL Config]: metadata: 2020-12-09 18:42:44.146--ServerSession(1143371233)--Thread(Thread[main,5,main])--The target entity (reference) class for the many to one mapping element [field _estudio] is being defaulted to: class ucab.dsw.entidades.Estudio.
[EL Config]: metadata: 2020-12-09 18:42:44.15--ServerSession(1143371233)--Thread(Thread[main,5,main])--The target entity (reference) class for the many to one mapping element [field _preguntaEncuesta] is being defaulted to: class ucab.dsw.entidades.Pregunta_encuesta.
[EL Config]: metadata: 2020-12-09 18:42:44.154--ServerSession(1143371233)--Thread(Thread[main,5,main])--The access type for the persistent class [class ucab.dsw.entidades.Categoria] is set to [FIELD].
[EL Config]: metadata: 2020-12-09 18:42:44.19--ServerSession(1143371233)--Thread(Thread[main,5,main])--The access type for the persistent class [class ucab.dsw.entidades.Telefono] is set to [FIELD].
[EL Config]: metadata: 2020-12-09 18:42:44.202--ServerSession(1143371233)--Thread(Thread[main,5,main])--The target entity (reference) class for the many to one mapping element [field _datoUsuario] is being defaulted to: class ucab.dsw.entidades.Dato_usuario.
[EL Config]: metadata: 2020-12-09 18:42:44.204--ServerSession(1143371233)--Thread(Thread[main,5,main])--The access type for the persistent class [class ucab.dsw.entidades.Subcategoria] is set to [FIELD].
[EL Config]: metadata: 2020-12-09 18:42:44.205--ServerSession(1143371233)--Thread(Thread[main,5,main])--The target entity (reference) class for the many to one mapping element [field _categoria] is being defaulted to: class ucab.dsw.entidades.Categoria.
[EL Config]: metadata: 2020-12-09 18:42:44.23--ServerSession(1143371233)--Thread(Thread[main,5,main])--The access type for the persistent class [class ucab.dsw.entidades.Rol_privilegio] is set to [FIELD].
[EL Config]: metadata: 2020-12-09 18:42:44.284--ServerSession(1143371233)--Thread(Thread[main,5,main])--The target entity (reference) class for the many to one mapping element [field _privilegio] is being defaulted to: class ucab.dsw.entidades.Privilegio.
[EL Config]: metadata: 2020-12-09 18:42:44.286--ServerSession(1143371233)--Thread(Thread[main,5,main])--The target entity (reference) class for the many to one mapping element [field _rol] is being defaulted to: class ucab.dsw.entidades.Rol.
[EL Config]: metadata: 2020-12-09 18:42:44.294--ServerSession(1143371233)--Thread(Thread[main,5,main])--The access type for the persistent class [class ucab.dsw.entidades.Region_estudio] is set to [FIELD].
[EL Config]: metadata: 2020-12-09 18:42:44.298--ServerSession(1143371233)--Thread(Thread[main,5,main])--The target entity (reference) class for the many to one mapping element [field _lugar] is being defaulted to: class ucab.dsw.entidades.Lugar.
[EL Config]: metadata: 2020-12-09 18:42:44.3--ServerSession(1143371233)--Thread(Thread[main,5,main])--The target entity (reference) class for the many to one mapping element [field _solicitudEstudio] is being defaulted to: class ucab.dsw.entidades.Solicitud_estudio.
[EL Config]: metadata: 2020-12-09 18:42:44.304--ServerSession(1143371233)--Thread(Thread[main,5,main])--The access type for the persistent class [class ucab.dsw.entidades.Estudio] is set to [FIELD].
[EL Config]: metadata: 2020-12-09 18:42:44.306--ServerSession(1143371233)--Thread(Thread[main,5,main])--The target entity (reference) class for the many to one mapping element [field _usuario] is being defaulted to: class ucab.dsw.entidades.Usuario.
[EL Config]: metadata: 2020-12-09 18:42:44.307--ServerSession(1143371233)--Thread(Thread[main,5,main])--The target entity (reference) class for the many to one mapping element [field _solicitudEstudio] is being defaulted to: class ucab.dsw.entidades.Solicitud_estudio.
[EL Config]: metadata: 2020-12-09 18:42:44.314--ServerSession(1143371233)--Thread(Thread[main,5,main])--The access type for the persistent class [class ucab.dsw.entidades.Nivel_economico] is set to [FIELD].
[EL Config]: metadata: 2020-12-09 18:42:44.331--ServerSession(1143371233)--Thread(Thread[main,5,main])--The access type for the persistent class [class ucab.dsw.entidades.Privilegio] is set to [FIELD].
[EL Config]: metadata: 2020-12-09 18:42:44.336--ServerSession(1143371233)--Thread(Thread[main,5,main])--The access type for the persistent class [class ucab.dsw.entidades.Medio_comunicacion] is set to [FIELD].
[EL Config]: metadata: 2020-12-09 18:42:44.349--ServerSession(1143371233)--Thread(Thread[main,5,main])--The target entity (reference) class for the many to one mapping element [field _solicitudEstudio] is being defaulted to: class ucab.dsw.entidades.Solicitud_estudio.
[EL Config]: metadata: 2020-12-09 18:42:44.351--ServerSession(1143371233)--Thread(Thread[main,5,main])--The target entity (reference) class for the many to one mapping element [field _datoUsuario] is being defaulted to: class ucab.dsw.entidades.Dato_usuario.
[EL Config]: metadata: 2020-12-09 18:42:44.354--ServerSession(1143371233)--Thread(Thread[main,5,main])--The access type for the persistent class [class ucab.dsw.entidades.Ocupacion] is set to [FIELD].
[EL Config]: metadata: 2020-12-09 18:42:44.355--ServerSession(1143371233)--Thread(Thread[main,5,main])--The access type for the persistent class [class ucab.dsw.entidades.Producto_tipo] is set to [FIELD].
[EL Config]: metadata: 2020-12-09 18:42:44.441--ServerSession(1143371233)--Thread(Thread[main,5,main])--The target entity (reference) class for the many to one mapping element [field _tipo] is being defaulted to: class ucab.dsw.entidades.Presentacion.
[EL Config]: metadata: 2020-12-09 18:42:44.441--ServerSession(1143371233)--Thread(Thread[main,5,main])--The target entity (reference) class for the many to one mapping element [field _producto] is being defaulted to: class ucab.dsw.entidades.Producto.
[EL Config]: metadata: 2020-12-09 18:42:44.442--ServerSession(1143371233)--Thread(Thread[main,5,main])--The access type for the persistent class [class ucab.dsw.entidades.Producto] is set to [FIELD].
[EL Config]: metadata: 2020-12-09 18:42:44.445--ServerSession(1143371233)--Thread(Thread[main,5,main])--The target entity (reference) class for the many to one mapping element [field _subcategoria] is being defaulted to: class ucab.dsw.entidades.Subcategoria.
[EL Config]: metadata: 2020-12-09 18:42:44.468--ServerSession(1143371233)--Thread(Thread[main,5,main])--The target entity (reference) class for the many to one mapping element [field _marca] is being defaulted to: class ucab.dsw.entidades.Marca.
[EL Config]: metadata: 2020-12-09 18:42:44.481--ServerSession(1143371233)--Thread(Thread[main,5,main])--The access type for the persistent class [class ucab.dsw.entidades.Presentacion] is set to [FIELD].
[EL Config]: metadata: 2020-12-09 18:42:44.482--ServerSession(1143371233)--Thread(Thread[main,5,main])--The target entity (reference) class for the many to one mapping element [field _producto] is being defaulted to: class ucab.dsw.entidades.Producto.
[EL Config]: metadata: 2020-12-09 18:42:44.491--ServerSession(1143371233)--Thread(Thread[main,5,main])--The access type for the persistent class [class ucab.dsw.entidades.Pregunta_encuesta] is set to [FIELD].
[EL Config]: metadata: 2020-12-09 18:42:44.492--ServerSession(1143371233)--Thread(Thread[main,5,main])--The target entity (reference) class for the many to one mapping element [field _subcategoria] is being defaulted to: class ucab.dsw.entidades.Subcategoria.
[EL Config]: metadata: 2020-12-09 18:42:44.492--ServerSession(1143371233)--Thread(Thread[main,5,main])--The target entity (reference) class for the many to one mapping element [field _usuario] is being defaulted to: class ucab.dsw.entidades.Usuario.
[EL Config]: metadata: 2020-12-09 18:42:44.501--ServerSession(1143371233)--Thread(Thread[main,5,main])--The access type for the persistent class [class ucab.dsw.entidades.Dato_usuario] is set to [FIELD].
[EL Config]: metadata: 2020-12-09 18:42:44.503--ServerSession(1143371233)--Thread(Thread[main,5,main])--The target entity (reference) class for the many to one mapping element [field _nivelAcademico] is being defaulted to: class ucab.dsw.entidades.Nivel_academico.
[EL Config]: metadata: 2020-12-09 18:42:44.504--ServerSession(1143371233)--Thread(Thread[main,5,main])--The target entity (reference) class for the many to one mapping element [field _ocupacion] is being defaulted to: class ucab.dsw.entidades.Ocupacion.
[EL Config]: metadata: 2020-12-09 18:42:44.508--ServerSession(1143371233)--Thread(Thread[main,5,main])--The target entity (reference) class for the many to one mapping element [field _lugar] is being defaulted to: class ucab.dsw.entidades.Lugar.
[EL Config]: metadata: 2020-12-09 18:42:44.508--ServerSession(1143371233)--Thread(Thread[main,5,main])--The target entity (reference) class for the many to one mapping element [field _nivelEconomico] is being defaulted to: class ucab.dsw.entidades.Nivel_economico.
[EL Config]: metadata: 2020-12-09 18:42:44.514--ServerSession(1143371233)--Thread(Thread[main,5,main])--The access type for the persistent class [class ucab.dsw.entidades.Rol] is set to [FIELD].
[EL Config]: metadata: 2020-12-09 18:42:44.516--ServerSession(1143371233)--Thread(Thread[main,5,main])--The access type for the persistent class [class ucab.dsw.entidades.Hijo] is set to [FIELD].
[EL Config]: metadata: 2020-12-09 18:42:44.517--ServerSession(1143371233)--Thread(Thread[main,5,main])--The target entity (reference) class for the many to one mapping element [field _datoUsuario] is being defaulted to: class ucab.dsw.entidades.Dato_usuario.
[EL Config]: metadata: 2020-12-09 18:42:44.536--ServerSession(1143371233)--Thread(Thread[main,5,main])--The alias name for the entity class [class ucab.dsw.entidades.Marca] is being defaulted to: Marca.
[EL Config]: metadata: 2020-12-09 18:42:44.683--ServerSession(1143371233)--Thread(Thread[main,5,main])--The alias name for the entity class [class ucab.dsw.entidades.Respuesta_pregunta] is being defaulted to: Respuesta_pregunta.
[EL Config]: metadata: 2020-12-09 18:42:44.684--ServerSession(1143371233)--Thread(Thread[main,5,main])--The alias name for the entity class [class ucab.dsw.entidades.Lugar] is being defaulted to: Lugar.
[EL Config]: metadata: 2020-12-09 18:42:44.685--ServerSession(1143371233)--Thread(Thread[main,5,main])--The alias name for the entity class [class ucab.dsw.entidades.Nivel_academico] is being defaulted to: Nivel_academico.
[EL Config]: metadata: 2020-12-09 18:42:44.687--ServerSession(1143371233)--Thread(Thread[main,5,main])--The alias name for the entity class [class ucab.dsw.entidades.Solicitud_estudio] is being defaulted to: Solicitud_estudio.
[EL Config]: metadata: 2020-12-09 18:42:44.695--ServerSession(1143371233)--Thread(Thread[main,5,main])--The alias name for the entity class [class ucab.dsw.entidades.Usuario] is being defaulted to: Usuario.
[EL Config]: metadata: 2020-12-09 18:42:44.696--ServerSession(1143371233)--Thread(Thread[main,5,main])--The alias name for the entity class [class ucab.dsw.entidades.Producto_presentacion] is being defaulted to: Producto_presentacion.
[EL Config]: metadata: 2020-12-09 18:42:44.696--ServerSession(1143371233)--Thread(Thread[main,5,main])--The alias name for the entity class [class ucab.dsw.entidades.Tipo] is being defaulted to: Tipo.
[EL Config]: metadata: 2020-12-09 18:42:44.697--ServerSession(1143371233)--Thread(Thread[main,5,main])--The alias name for the entity class [class ucab.dsw.entidades.Respuesta] is being defaulted to: Respuesta.
[EL Config]: metadata: 2020-12-09 18:42:44.7--ServerSession(1143371233)--Thread(Thread[main,5,main])--The alias name for the entity class [class ucab.dsw.entidades.Pregunta_estudio] is being defaulted to: Pregunta_estudio.
[EL Config]: metadata: 2020-12-09 18:42:44.701--ServerSession(1143371233)--Thread(Thread[main,5,main])--The alias name for the entity class [class ucab.dsw.entidades.Categoria] is being defaulted to: Categoria.
[EL Config]: metadata: 2020-12-09 18:42:44.704--ServerSession(1143371233)--Thread(Thread[main,5,main])--The alias name for the entity class [class ucab.dsw.entidades.Telefono] is being defaulted to: Telefono.
[EL Config]: metadata: 2020-12-09 18:42:44.705--ServerSession(1143371233)--Thread(Thread[main,5,main])--The alias name for the entity class [class ucab.dsw.entidades.Subcategoria] is being defaulted to: Subcategoria.
[EL Config]: metadata: 2020-12-09 18:42:44.707--ServerSession(1143371233)--Thread(Thread[main,5,main])--The alias name for the entity class [class ucab.dsw.entidades.Rol_privilegio] is being defaulted to: Rol_privilegio.
[EL Config]: metadata: 2020-12-09 18:42:44.708--ServerSession(1143371233)--Thread(Thread[main,5,main])--The alias name for the entity class [class ucab.dsw.entidades.Region_estudio] is being defaulted to: Region_estudio.
[EL Config]: metadata: 2020-12-09 18:42:44.731--ServerSession(1143371233)--Thread(Thread[main,5,main])--The alias name for the entity class [class ucab.dsw.entidades.Estudio] is being defaulted to: Estudio.
[EL Config]: metadata: 2020-12-09 18:42:44.732--ServerSession(1143371233)--Thread(Thread[main,5,main])--The alias name for the entity class [class ucab.dsw.entidades.Nivel_economico] is being defaulted to: Nivel_economico.
[EL Config]: metadata: 2020-12-09 18:42:44.734--ServerSession(1143371233)--Thread(Thread[main,5,main])--The alias name for the entity class [class ucab.dsw.entidades.Privilegio] is being defaulted to: Privilegio.
[EL Config]: metadata: 2020-12-09 18:42:44.738--ServerSession(1143371233)--Thread(Thread[main,5,main])--The alias name for the entity class [class ucab.dsw.entidades.Medio_comunicacion] is being defaulted to: Medio_comunicacion.
[EL Config]: metadata: 2020-12-09 18:42:44.739--ServerSession(1143371233)--Thread(Thread[main,5,main])--The alias name for the entity class [class ucab.dsw.entidades.Ocupacion] is being defaulted to: Ocupacion.
[EL Config]: metadata: 2020-12-09 18:42:44.74--ServerSession(1143371233)--Thread(Thread[main,5,main])--The alias name for the entity class [class ucab.dsw.entidades.Producto_tipo] is being defaulted to: Producto_tipo.
[EL Config]: metadata: 2020-12-09 18:42:44.741--ServerSession(1143371233)--Thread(Thread[main,5,main])--The alias name for the entity class [class ucab.dsw.entidades.Producto] is being defaulted to: Producto.
[EL Config]: metadata: 2020-12-09 18:42:44.741--ServerSession(1143371233)--Thread(Thread[main,5,main])--The alias name for the entity class [class ucab.dsw.entidades.Presentacion] is being defaulted to: Presentacion.
[EL Config]: metadata: 2020-12-09 18:42:44.743--ServerSession(1143371233)--Thread(Thread[main,5,main])--The alias name for the entity class [class ucab.dsw.entidades.Pregunta_encuesta] is being defaulted to: Pregunta_encuesta.
[EL Config]: metadata: 2020-12-09 18:42:44.744--ServerSession(1143371233)--Thread(Thread[main,5,main])--The alias name for the entity class [class ucab.dsw.entidades.Dato_usuario] is being defaulted to: Dato_usuario.
[EL Config]: metadata: 2020-12-09 18:42:44.746--ServerSession(1143371233)--Thread(Thread[main,5,main])--The alias name for the entity class [class ucab.dsw.entidades.Rol] is being defaulted to: Rol.
[EL Config]: metadata: 2020-12-09 18:42:44.752--ServerSession(1143371233)--Thread(Thread[main,5,main])--The alias name for the entity class [class ucab.dsw.entidades.Hijo] is being defaulted to: Hijo.
[EL Config]: metadata: 2020-12-09 18:42:44.827--ServerSession(1143371233)--Thread(Thread[main,5,main])--The primary key column name for the mapping element [field _preguntaEncuesta] is being defaulted to: codigo.
[EL Config]: metadata: 2020-12-09 18:42:44.829--ServerSession(1143371233)--Thread(Thread[main,5,main])--The primary key column name for the mapping element [field _lugar] is being defaulted to: codigo.
[EL Config]: metadata: 2020-12-09 18:42:44.83--ServerSession(1143371233)--Thread(Thread[main,5,main])--The primary key column name for the mapping element [field _ocupacion] is being defaulted to: codigo.
[EL Config]: metadata: 2020-12-09 18:42:44.832--ServerSession(1143371233)--Thread(Thread[main,5,main])--The primary key column name for the mapping element [field _usuario] is being defaulted to: codigo.
[EL Config]: metadata: 2020-12-09 18:42:44.832--ServerSession(1143371233)--Thread(Thread[main,5,main])--The primary key column name for the mapping element [field _producto] is being defaulted to: codigo.
[EL Config]: metadata: 2020-12-09 18:42:44.834--ServerSession(1143371233)--Thread(Thread[main,5,main])--The primary key column name for the mapping element [field _nivelEconomico] is being defaulted to: codigo.
[EL Config]: metadata: 2020-12-09 18:42:44.836--ServerSession(1143371233)--Thread(Thread[main,5,main])--The primary key column name for the mapping element [field _rol] is being defaulted to: codigo.
[EL Config]: metadata: 2020-12-09 18:42:44.837--ServerSession(1143371233)--Thread(Thread[main,5,main])--The primary key column name for the mapping element [field _datoUsuario] is being defaulted to: codigo.
[EL Config]: metadata: 2020-12-09 18:42:44.838--ServerSession(1143371233)--Thread(Thread[main,5,main])--The primary key column name for the mapping element [field _presentacion] is being defaulted to: codigo.
[EL Config]: metadata: 2020-12-09 18:42:44.84--ServerSession(1143371233)--Thread(Thread[main,5,main])--The primary key column name for the mapping element [field _producto] is being defaulted to: codigo.
[EL Config]: metadata: 2020-12-09 18:42:44.841--ServerSession(1143371233)--Thread(Thread[main,5,main])--The primary key column name for the mapping element [field _producto] is being defaulted to: codigo.
[EL Config]: metadata: 2020-12-09 18:42:44.847--ServerSession(1143371233)--Thread(Thread[main,5,main])--The primary key column name for the mapping element [field _preguntaEstudio] is being defaulted to: codigo.
[EL Config]: metadata: 2020-12-09 18:42:44.852--ServerSession(1143371233)--Thread(Thread[main,5,main])--The primary key column name for the mapping element [field _usuario] is being defaulted to: codigo.
[EL Config]: metadata: 2020-12-09 18:42:44.854--ServerSession(1143371233)--Thread(Thread[main,5,main])--The primary key column name for the mapping element [field _estudio] is being defaulted to: codigo.
[EL Config]: metadata: 2020-12-09 18:42:44.854--ServerSession(1143371233)--Thread(Thread[main,5,main])--The primary key column name for the mapping element [field _preguntaEncuesta] is being defaulted to: codigo.
[EL Config]: metadata: 2020-12-09 18:42:44.855--ServerSession(1143371233)--Thread(Thread[main,5,main])--The primary key column name for the mapping element [field _datoUsuario] is being defaulted to: codigo.
[EL Config]: metadata: 2020-12-09 18:42:44.856--ServerSession(1143371233)--Thread(Thread[main,5,main])--The primary key column name for the mapping element [field _categoria] is being defaulted to: codigo.
[EL Config]: metadata: 2020-12-09 18:42:44.856--ServerSession(1143371233)--Thread(Thread[main,5,main])--The primary key column name for the mapping element [field _privilegio] is being defaulted to: codigo.
[EL Config]: metadata: 2020-12-09 18:42:44.857--ServerSession(1143371233)--Thread(Thread[main,5,main])--The primary key column name for the mapping element [field _rol] is being defaulted to: codigo.
[EL Config]: metadata: 2020-12-09 18:42:44.858--ServerSession(1143371233)--Thread(Thread[main,5,main])--The primary key column name for the mapping element [field _lugar] is being defaulted to: codigo.
[EL Config]: metadata: 2020-12-09 18:42:44.858--ServerSession(1143371233)--Thread(Thread[main,5,main])--The primary key column name for the mapping element [field _solicitudEstudio] is being defaulted to: codigo.
[EL Config]: metadata: 2020-12-09 18:42:44.859--ServerSession(1143371233)--Thread(Thread[main,5,main])--The primary key column name for the mapping element [field _usuario] is being defaulted to: codigo.
[EL Config]: metadata: 2020-12-09 18:42:44.859--ServerSession(1143371233)--Thread(Thread[main,5,main])--The primary key column name for the mapping element [field _solicitudEstudio] is being defaulted to: codigo.
[EL Config]: metadata: 2020-12-09 18:42:44.859--ServerSession(1143371233)--Thread(Thread[main,5,main])--The primary key column name for the mapping element [field _solicitudEstudio] is being defaulted to: codigo.
[EL Config]: metadata: 2020-12-09 18:42:44.86--ServerSession(1143371233)--Thread(Thread[main,5,main])--The primary key column name for the mapping element [field _datoUsuario] is being defaulted to: codigo.
[EL Config]: metadata: 2020-12-09 18:42:44.86--ServerSession(1143371233)--Thread(Thread[main,5,main])--The primary key column name for the mapping element [field _tipo] is being defaulted to: codigo.
[EL Config]: metadata: 2020-12-09 18:42:44.861--ServerSession(1143371233)--Thread(Thread[main,5,main])--The primary key column name for the mapping element [field _producto] is being defaulted to: codigo.
[EL Config]: metadata: 2020-12-09 18:42:44.862--ServerSession(1143371233)--Thread(Thread[main,5,main])--The primary key column name for the mapping element [field _subcategoria] is being defaulted to: codigo.
[EL Config]: metadata: 2020-12-09 18:42:44.862--ServerSession(1143371233)--Thread(Thread[main,5,main])--The primary key column name for the mapping element [field _marca] is being defaulted to: codigo.
[EL Config]: metadata: 2020-12-09 18:42:44.862--ServerSession(1143371233)--Thread(Thread[main,5,main])--The primary key column name for the mapping element [field _producto] is being defaulted to: codigo.
[EL Config]: metadata: 2020-12-09 18:42:44.863--ServerSession(1143371233)--Thread(Thread[main,5,main])--The primary key column name for the mapping element [field _subcategoria] is being defaulted to: codigo.
[EL Config]: metadata: 2020-12-09 18:42:44.864--ServerSession(1143371233)--Thread(Thread[main,5,main])--The primary key column name for the mapping element [field _usuario] is being defaulted to: codigo.
[EL Config]: metadata: 2020-12-09 18:42:44.864--ServerSession(1143371233)--Thread(Thread[main,5,main])--The primary key column name for the mapping element [field _nivelAcademico] is being defaulted to: codigo.
[EL Config]: metadata: 2020-12-09 18:42:44.864--ServerSession(1143371233)--Thread(Thread[main,5,main])--The primary key column name for the mapping element [field _ocupacion] is being defaulted to: codigo.
[EL Config]: metadata: 2020-12-09 18:42:44.865--ServerSession(1143371233)--Thread(Thread[main,5,main])--The primary key column name for the mapping element [field _lugar] is being defaulted to: codigo.
[EL Config]: metadata: 2020-12-09 18:42:44.869--ServerSession(1143371233)--Thread(Thread[main,5,main])--The primary key column name for the mapping element [field _nivelEconomico] is being defaulted to: codigo.
[EL Config]: metadata: 2020-12-09 18:42:44.869--ServerSession(1143371233)--Thread(Thread[main,5,main])--The primary key column name for the mapping element [field _datoUsuario] is being defaulted to: codigo.
[EL Info]: 2020-12-09 18:42:46.789--ServerSession(1143371233)--Thread(Thread[main,5,main])--EclipseLink, version: Eclipse Persistence Services - 2.6.5.v20170607-b3d05bd
[EL Severe]: ejb: 2020-12-09 18:42:49.237--ServerSession(1143371233)--Thread(Thread[main,5,main])--Exception [EclipseLink-4002] (Eclipse Persistence Services - 2.6.5.v20170607-b3d05bd): org.eclipse.persistence.exceptions.DatabaseException
Internal Exception: java.sql.SQLException: Access denied for user &apos;root&apos;@&apos;localhost&apos; (using password: YES)
Error Code: 1045
</system-out>
  </testcase>
  <testcase classname="categoriaORMWS_Test" name="addCategoriaTest" time="0.111">
    <failure message="Values should be different. Actual: 0" type="java.lang.AssertionError">java.lang.AssertionError: Values should be different. Actual: 0
	at org.junit.Assert.fail(Assert.java:89)
	at org.junit.Assert.failEquals(Assert.java:187)
	at org.junit.Assert.assertNotEquals(Assert.java:201)
	at org.junit.Assert.assertNotEquals(Assert.java:213)
	at categoriaORMWS_Test.addCategoriaTest(categoriaORMWS_Test.java:19)
	at sun.reflect.NativeMethodAccessorImpl.invoke0(Native Method)
	at sun.reflect.NativeMethodAccessorImpl.invoke(NativeMethodAccessorImpl.java:62)
	at sun.reflect.DelegatingMethodAccessorImpl.invoke(DelegatingMethodAccessorImpl.java:43)
	at java.lang.reflect.Method.invoke(Method.java:498)
	at org.junit.runners.model.FrameworkMethod$1.runReflectiveCall(FrameworkMethod.java:59)
	at org.junit.internal.runners.model.ReflectiveCallable.run(ReflectiveCallable.java:12)
	at org.junit.runners.model.FrameworkMethod.invokeExplosively(FrameworkMethod.java:56)
	at org.junit.internal.runners.statements.InvokeMethod.evaluate(InvokeMethod.java:17)
	at org.junit.runners.ParentRunner$3.evaluate(ParentRunner.java:305)
	at org.junit.runners.BlockJUnit4ClassRunner$1.evaluate(BlockJUnit4ClassRunner.java:100)
	at org.junit.runners.ParentRunner.runLeaf(ParentRunner.java:365)
	at org.junit.runners.BlockJUnit4ClassRunner.runChild(BlockJUnit4ClassRunner.java:103)
	at org.junit.runners.BlockJUnit4ClassRunner.runChild(BlockJUnit4ClassRunner.java:63)
	at org.junit.runners.ParentRunner$4.run(ParentRunner.java:330)
	at org.junit.runners.ParentRunner$1.schedule(ParentRunner.java:78)
	at org.junit.runners.ParentRunner.runChildren(ParentRunner.java:328)
	at org.junit.runners.ParentRunner.access$100(ParentRunner.java:65)
	at org.junit.runners.ParentRunner$2.evaluate(ParentRunner.java:292)
	at org.junit.runners.ParentRunner$3.evaluate(ParentRunner.java:305)
	at org.junit.runners.ParentRunner.run(ParentRunner.java:412)
	at org.apache.maven.surefire.junit4.JUnit4Provider.execute(JUnit4Provider.java:252)
	at org.apache.maven.surefire.junit4.JUnit4Provider.executeTestSet(JUnit4Provider.java:141)
	at org.apache.maven.surefire.junit4.JUnit4Provider.invoke(JUnit4Provider.java:112)
	at sun.reflect.NativeMethodAccessorImpl.invoke0(Native Method)
	at sun.reflect.NativeMethodAccessorImpl.invoke(NativeMethodAccessorImpl.java:62)
	at sun.reflect.DelegatingMethodAccessorImpl.invoke(DelegatingMethodAccessorImpl.java:43)
	at java.lang.reflect.Method.invoke(Method.java:498)
	at org.apache.maven.surefire.util.ReflectionUtils.invokeMethodWithArray(ReflectionUtils.java:189)
	at org.apache.maven.surefire.booter.ProviderFactory$ProviderProxy.invoke(ProviderFactory.java:165)
	at org.apache.maven.surefire.booter.ProviderFactory.invokeProvider(ProviderFactory.java:85)
	at org.apache.maven.surefire.booter.ForkedBooter.runSuitesInProcess(ForkedBooter.java:115)
	at org.apache.maven.surefire.booter.ForkedBooter.main(ForkedBooter.java:75)
</failure>
    <system-out>[EL Info]: 2020-12-09 18:42:49.252--ServerSession(1143371233)--Thread(Thread[main,5,main])--EclipseLink, version: Eclipse Persistence Services - 2.6.5.v20170607-b3d05bd
[EL Severe]: ejb: 2020-12-09 18:42:49.381--ServerSession(1143371233)--Thread(Thread[main,5,main])--Exception [EclipseLink-4002] (Eclipse Persistence Services - 2.6.5.v20170607-b3d05bd): org.eclipse.persistence.exceptions.DatabaseException
Internal Exception: java.sql.SQLException: Access denied for user &apos;root&apos;@&apos;localhost&apos; (using password: YES)
Error Code: 1045
0
</system-out>
  </testcase>
  <testcase classname="categoriaORMWS_Test" name="updateCategoriaTest" time="0.286">
    <failure message="Values should be different. Actual: 0" type="java.lang.AssertionError">java.lang.AssertionError: Values should be different. Actual: 0
	at org.junit.Assert.fail(Assert.java:89)
	at org.junit.Assert.failEquals(Assert.java:187)
	at org.junit.Assert.assertNotEquals(Assert.java:201)
	at org.junit.Assert.assertNotEquals(Assert.java:213)
	at categoriaORMWS_Test.updateCategoriaTest(categoriaORMWS_Test.java:38)
	at sun.reflect.NativeMethodAccessorImpl.invoke0(Native Method)
	at sun.reflect.NativeMethodAccessorImpl.invoke(NativeMethodAccessorImpl.java:62)
	at sun.reflect.DelegatingMethodAccessorImpl.invoke(DelegatingMethodAccessorImpl.java:43)
	at java.lang.reflect.Method.invoke(Method.java:498)
	at org.junit.runners.model.FrameworkMethod$1.runReflectiveCall(FrameworkMethod.java:59)
	at org.junit.internal.runners.model.ReflectiveCallable.run(ReflectiveCallable.java:12)
	at org.junit.runners.model.FrameworkMethod.invokeExplosively(FrameworkMethod.java:56)
	at org.junit.internal.runners.statements.InvokeMethod.evaluate(InvokeMethod.java:17)
	at org.junit.runners.ParentRunner$3.evaluate(ParentRunner.java:305)
	at org.junit.runners.BlockJUnit4ClassRunner$1.evaluate(BlockJUnit4ClassRunner.java:100)
	at org.junit.runners.ParentRunner.runLeaf(ParentRunner.java:365)
	at org.junit.runners.BlockJUnit4ClassRunner.runChild(BlockJUnit4ClassRunner.java:103)
	at org.junit.runners.BlockJUnit4ClassRunner.runChild(BlockJUnit4ClassRunner.java:63)
	at org.junit.runners.ParentRunner$4.run(ParentRunner.java:330)
	at org.junit.runners.ParentRunner$1.schedule(ParentRunner.java:78)
	at org.junit.runners.ParentRunner.runChildren(ParentRunner.java:328)
	at org.junit.runners.ParentRunner.access$100(ParentRunner.java:65)
	at org.junit.runners.ParentRunner$2.evaluate(ParentRunner.java:292)
	at org.junit.runners.ParentRunner$3.evaluate(ParentRunner.java:305)
	at org.junit.runners.ParentRunner.run(ParentRunner.java:412)
	at org.apache.maven.surefire.junit4.JUnit4Provider.execute(JUnit4Provider.java:252)
	at org.apache.maven.surefire.junit4.JUnit4Provider.executeTestSet(JUnit4Provider.java:141)
	at org.apache.maven.surefire.junit4.JUnit4Provider.invoke(JUnit4Provider.java:112)
	at sun.reflect.NativeMethodAccessorImpl.invoke0(Native Method)
	at sun.reflect.NativeMethodAccessorImpl.invoke(NativeMethodAccessorImpl.java:62)
	at sun.reflect.DelegatingMethodAccessorImpl.invoke(DelegatingMethodAccessorImpl.java:43)
	at java.lang.reflect.Method.invoke(Method.java:498)
	at org.apache.maven.surefire.util.ReflectionUtils.invokeMethodWithArray(ReflectionUtils.java:189)
	at org.apache.maven.surefire.booter.ProviderFactory$ProviderProxy.invoke(ProviderFactory.java:165)
	at org.apache.maven.surefire.booter.ProviderFactory.invokeProvider(ProviderFactory.java:85)
	at org.apache.maven.surefire.booter.ForkedBooter.runSuitesInProcess(ForkedBooter.java:115)
	at org.apache.maven.surefire.booter.ForkedBooter.main(ForkedBooter.java:75)
</failure>
    <system-out>[EL Info]: 2020-12-09 18:42:49.39--ServerSession(1143371233)--Thread(Thread[main,5,main])--EclipseLink, version: Eclipse Persistence Services - 2.6.5.v20170607-b3d05bd
[EL Severe]: ejb: 2020-12-09 18:42:49.599--ServerSession(1143371233)--Thread(Thread[main,5,main])--Exception [EclipseLink-4002] (Eclipse Persistence Services - 2.6.5.v20170607-b3d05bd): org.eclipse.persistence.exceptions.DatabaseException
Internal Exception: java.sql.SQLException: Access denied for user &apos;root&apos;@&apos;localhost&apos; (using password: YES)
Error Code: 1045
</system-out>
  </testcase>
  <testcase classname="categoriaORMWS_Test" name="showCategoriaTest" time="0.089">
    <error type="java.lang.NullPointerException">java.lang.NullPointerException
	at categoriaORMWS_Test.showCategoriaTest(categoriaORMWS_Test.java:27)
	at sun.reflect.NativeMethodAccessorImpl.invoke0(Native Method)
	at sun.reflect.NativeMethodAccessorImpl.invoke(NativeMethodAccessorImpl.java:62)
	at sun.reflect.DelegatingMethodAccessorImpl.invoke(DelegatingMethodAccessorImpl.java:43)
	at java.lang.reflect.Method.invoke(Method.java:498)
	at org.junit.runners.model.FrameworkMethod$1.runReflectiveCall(FrameworkMethod.java:59)
	at org.junit.internal.runners.model.ReflectiveCallable.run(ReflectiveCallable.java:12)
	at org.junit.runners.model.FrameworkMethod.invokeExplosively(FrameworkMethod.java:56)
	at org.junit.internal.runners.statements.InvokeMethod.evaluate(InvokeMethod.java:17)
	at org.junit.runners.ParentRunner$3.evaluate(ParentRunner.java:305)
	at org.junit.runners.BlockJUnit4ClassRunner$1.evaluate(BlockJUnit4ClassRunner.java:100)
	at org.junit.runners.ParentRunner.runLeaf(ParentRunner.java:365)
	at org.junit.runners.BlockJUnit4ClassRunner.runChild(BlockJUnit4ClassRunner.java:103)
	at org.junit.runners.BlockJUnit4ClassRunner.runChild(BlockJUnit4ClassRunner.java:63)
	at org.junit.runners.ParentRunner$4.run(ParentRunner.java:330)
	at org.junit.runners.ParentRunner$1.schedule(ParentRunner.java:78)
	at org.junit.runners.ParentRunner.runChildren(ParentRunner.java:328)
	at org.junit.runners.ParentRunner.access$100(ParentRunner.java:65)
	at org.junit.runners.ParentRunner$2.evaluate(ParentRunner.java:292)
	at org.junit.runners.ParentRunner$3.evaluate(ParentRunner.java:305)
	at org.junit.runners.ParentRunner.run(ParentRunner.java:412)
	at org.apache.maven.surefire.junit4.JUnit4Provider.execute(JUnit4Provider.java:252)
	at org.apache.maven.surefire.junit4.JUnit4Provider.executeTestSet(JUnit4Provider.java:141)
	at org.apache.maven.surefire.junit4.JUnit4Provider.invoke(JUnit4Provider.java:112)
	at sun.reflect.NativeMethodAccessorImpl.invoke0(Native Method)
	at sun.reflect.NativeMethodAccessorImpl.invoke(NativeMethodAccessorImpl.java:62)
	at sun.reflect.DelegatingMethodAccessorImpl.invoke(DelegatingMethodAccessorImpl.java:43)
	at java.lang.reflect.Method.invoke(Method.java:498)
	at org.apache.maven.surefire.util.ReflectionUtils.invokeMethodWithArray(ReflectionUtils.java:189)
	at org.apache.maven.surefire.booter.ProviderFactory$ProviderProxy.invoke(ProviderFactory.java:165)
	at org.apache.maven.surefire.booter.ProviderFactory.invokeProvider(ProviderFactory.java:85)
	at org.apache.maven.surefire.booter.ForkedBooter.runSuitesInProcess(ForkedBooter.java:115)
	at org.apache.maven.surefire.booter.ForkedBooter.main(ForkedBooter.java:75)
</error>
    <system-out>[EL Info]: 2020-12-09 18:42:49.601--ServerSession(1143371233)--Thread(Thread[main,5,main])--EclipseLink, version: Eclipse Persistence Services - 2.6.5.v20170607-b3d05bd
[EL Severe]: ejb: 2020-12-09 18:42:49.745--ServerSession(1143371233)--Thread(Thread[main,5,main])--Exception [EclipseLink-4002] (Eclipse Persistence Services - 2.6.5.v20170607-b3d05bd): org.eclipse.persistence.exceptions.DatabaseException
Internal Exception: java.sql.SQLException: Access denied for user &apos;root&apos;@&apos;localhost&apos; (using password: YES)
Error Code: 1045
</system-out>
  </testcase>
</testsuite>