<?xml version="1.0" encoding="UTF-8" ?>
<testsuite tests="4" failures="3" name="categoriaORMWS_Test" time="9.262" errors="1" skipped="0">
  <properties>
[...]
</properties>
  <testcase classname="categoriaORMWS_Test" name="deleteCategoriaTest" time="8.967">
    <failure message="Values should be different. Actual: 0" type="java.lang.AssertionError">java.lang.AssertionError: Values should be different. Actual: 0
	at org.junit.Assert.fail(Assert.java:89)
	at org.junit.Assert.failEquals(Assert.java:187)
	at org.junit.Assert.assertNotEquals(Assert.java:201)
	at org.junit.Assert.assertNotEquals(Assert.java:213)
	at categoriaORMWS_Test.deleteCategoriaTest(categoriaORMWS_Test.java:47)
	at sun.reflect.NativeMethodAccessorImpl.invoke0(Native Method)
	at sun.reflect.NativeMethodAccessorImpl.invoke(NativeMethodAccessorImpl.java:62)
	at sun.reflect.DelegatingMethodAccessorImpl.invoke(DelegatingMethodAccessorImpl.java:43)
	at java.lang.reflect.Method.invoke(Method.java:498)
	at org.junit.runners.model.FrameworkMethod$1.runReflectiveCall(FrameworkMethod.java:59)
	at org.junit.internal.runners.model.ReflectiveCallable.run(ReflectiveCallable.java:12)
	at org.junit.runners.model.FrameworkMethod.invokeExplosively(FrameworkMethod.java:56)
	at org.junit.internal.runners.statements.InvokeMethod.evaluate(InvokeMethod.java:17)
	at org.junit.runners.ParentRunner$3.evaluate(ParentRunner.java:305)
	at org.junit.runners.BlockJUnit4ClassRunner$1.evaluate(BlockJUnit4ClassRunner.java:100)
	at org.junit.runners.ParentRunner.runLeaf(ParentRunner.java:365)
	at org.junit.runners.BlockJUnit4ClassRunner.runChild(BlockJUnit4ClassRunner.java:103)
	at org.junit.runners.BlockJUnit4ClassRunner.runChild(BlockJUnit4ClassRunner.java:63)
	at org.junit.runners.ParentRunner$4.run(ParentRunner.java:330)
	at org.junit.runners.ParentRunner$1.schedule(ParentRunner.java:78)
	at org.junit.runners.ParentRunner.runChildren(ParentRunner.java:328)
	at org.junit.runners.ParentRunner.access$100(ParentRunner.java:65)
	at org.junit.runners.ParentRunner$2.evaluate(ParentRunner.java:292)
	at org.junit.runners.ParentRunner$3.evaluate(ParentRunner.java:305)
	at org.junit.runners.ParentRunner.run(ParentRunner.java:412)
	at org.apache.maven.surefire.junit4.JUnit4Provider.execute(JUnit4Provider.java:252)
	at org.apache.maven.surefire.junit4.JUnit4Provider.executeTestSet(JUnit4Provider.java:141)
	at org.apache.maven.surefire.junit4.JUnit4Provider.invoke(JUnit4Provider.java:112)
	at sun.reflect.NativeMethodAccessorImpl.invoke0(Native Method)
	at sun.reflect.NativeMethodAccessorImpl.invoke(NativeMethodAccessorImpl.java:62)
	at sun.reflect.DelegatingMethodAccessorImpl.invoke(DelegatingMethodAccessorImpl.java:43)
	at java.lang.reflect.Method.invoke(Method.java:498)
	at org.apache.maven.surefire.util.ReflectionUtils.invokeMethodWithArray(ReflectionUtils.java:189)
	at org.apache.maven.surefire.booter.ProviderFactory$ProviderProxy.invoke(ProviderFactory.java:165)
	at org.apache.maven.surefire.booter.ProviderFactory.invokeProvider(ProviderFactory.java:85)
	at org.apache.maven.surefire.booter.ForkedBooter.runSuitesInProcess(ForkedBooter.java:115)
	at org.apache.maven.surefire.booter.ForkedBooter.main(ForkedBooter.java:75)
</failure>
    <system-out>01:04:13.821 [main] DEBUG org.jboss.logging - Logging Provider: org.jboss.logging.Slf4jLoggerProvider
[EL Fine]: server: 2020-12-31 01:04:14.611--Thread(Thread[main,5,main])--Configured server platform: org.eclipse.persistence.platform.server.NoServerPlatform
[EL Config]: metadata: 2020-12-31 01:04:15.21--ServerSession(1213349904)--Thread(Thread[main,5,main])--The access type for the persistent class [class ucab.dsw.entidades.EntidadBase] is set to [FIELD].
[EL Config]: metadata: 2020-12-31 01:04:15.29--ServerSession(1213349904)--Thread(Thread[main,5,main])--The access type for the persistent class [class ucab.dsw.entidades.Marca] is set to [FIELD].
[EL Config]: metadata: 2020-12-31 01:04:15.296--ServerSession(1213349904)--Thread(Thread[main,5,main])--The access type for the persistent class [class ucab.dsw.entidades.Respuesta_pregunta] is set to [FIELD].
[EL Config]: metadata: 2020-12-31 01:04:15.321--ServerSession(1213349904)--Thread(Thread[main,5,main])--The target entity (reference) class for the many to one mapping element [field _preguntaEncuesta] is being defaulted to: class ucab.dsw.entidades.Pregunta_encuesta.
[EL Config]: metadata: 2020-12-31 01:04:15.322--ServerSession(1213349904)--Thread(Thread[main,5,main])--The access type for the persistent class [class ucab.dsw.entidades.Lugar] is set to [FIELD].
[EL Config]: metadata: 2020-12-31 01:04:15.323--ServerSession(1213349904)--Thread(Thread[main,5,main])--The target entity (reference) class for the many to one mapping element [field _lugar] is being defaulted to: class ucab.dsw.entidades.Lugar.
[EL Config]: metadata: 2020-12-31 01:04:15.325--ServerSession(1213349904)--Thread(Thread[main,5,main])--The access type for the persistent class [class ucab.dsw.entidades.Nivel_academico] is set to [FIELD].
[EL Config]: metadata: 2020-12-31 01:04:15.326--ServerSession(1213349904)--Thread(Thread[main,5,main])--The access type for the persistent class [class ucab.dsw.entidades.Producto_presentacion_tipo] is set to [FIELD].
[EL Config]: metadata: 2020-12-31 01:04:15.327--ServerSession(1213349904)--Thread(Thread[main,5,main])--The target entity (reference) class for the many to one mapping element [field _tipo] is being defaulted to: class ucab.dsw.entidades.Tipo.
[EL Config]: metadata: 2020-12-31 01:04:15.328--ServerSession(1213349904)--Thread(Thread[main,5,main])--The target entity (reference) class for the many to one mapping element [field _presentacion] is being defaulted to: class ucab.dsw.entidades.Presentacion.
[EL Config]: metadata: 2020-12-31 01:04:15.329--ServerSession(1213349904)--Thread(Thread[main,5,main])--The target entity (reference) class for the many to one mapping element [field _producto] is being defaulted to: class ucab.dsw.entidades.Producto.
[EL Config]: metadata: 2020-12-31 01:04:15.33--ServerSession(1213349904)--Thread(Thread[main,5,main])--The access type for the persistent class [class ucab.dsw.entidades.Solicitud_estudio] is set to [FIELD].
[EL Config]: metadata: 2020-12-31 01:04:15.332--ServerSession(1213349904)--Thread(Thread[main,5,main])--The target entity (reference) class for the many to one mapping element [field _ocupacion] is being defaulted to: class ucab.dsw.entidades.Ocupacion.
[EL Config]: metadata: 2020-12-31 01:04:15.333--ServerSession(1213349904)--Thread(Thread[main,5,main])--The target entity (reference) class for the many to one mapping element [field _usuario] is being defaulted to: class ucab.dsw.entidades.Usuario.
[EL Config]: metadata: 2020-12-31 01:04:15.342--ServerSession(1213349904)--Thread(Thread[main,5,main])--The target entity (reference) class for the many to one mapping element [field _producto] is being defaulted to: class ucab.dsw.entidades.Producto.
[EL Config]: metadata: 2020-12-31 01:04:15.344--ServerSession(1213349904)--Thread(Thread[main,5,main])--The target entity (reference) class for the many to one mapping element [field _nivelEconomico] is being defaulted to: class ucab.dsw.entidades.Nivel_economico.
[EL Config]: metadata: 2020-12-31 01:04:15.344--ServerSession(1213349904)--Thread(Thread[main,5,main])--The access type for the persistent class [class ucab.dsw.entidades.Usuario] is set to [FIELD].
[EL Config]: metadata: 2020-12-31 01:04:15.346--ServerSession(1213349904)--Thread(Thread[main,5,main])--The target entity (reference) class for the many to one mapping element [field _rol] is being defaulted to: class ucab.dsw.entidades.Rol.
[EL Config]: metadata: 2020-12-31 01:04:15.347--ServerSession(1213349904)--Thread(Thread[main,5,main])--The target entity (reference) class for the many to one mapping element [field _datoUsuario] is being defaulted to: class ucab.dsw.entidades.Dato_usuario.
[EL Config]: metadata: 2020-12-31 01:04:15.347--ServerSession(1213349904)--Thread(Thread[main,5,main])--The access type for the persistent class [class ucab.dsw.entidades.Tipo] is set to [FIELD].
[EL Config]: metadata: 2020-12-31 01:04:15.349--ServerSession(1213349904)--Thread(Thread[main,5,main])--The access type for the persistent class [class ucab.dsw.entidades.Respuesta] is set to [FIELD].
[EL Config]: metadata: 2020-12-31 01:04:15.349--ServerSession(1213349904)--Thread(Thread[main,5,main])--The target entity (reference) class for the many to one mapping element [field _preguntaEstudio] is being defaulted to: class ucab.dsw.entidades.Pregunta_estudio.
[EL Config]: metadata: 2020-12-31 01:04:15.35--ServerSession(1213349904)--Thread(Thread[main,5,main])--The target entity (reference) class for the many to one mapping element [field _usuario] is being defaulted to: class ucab.dsw.entidades.Usuario.
[EL Config]: metadata: 2020-12-31 01:04:15.351--ServerSession(1213349904)--Thread(Thread[main,5,main])--The access type for the persistent class [class ucab.dsw.entidades.Pregunta_estudio] is set to [FIELD].
[EL Config]: metadata: 2020-12-31 01:04:15.355--ServerSession(1213349904)--Thread(Thread[main,5,main])--The target entity (reference) class for the many to one mapping element [field _estudio] is being defaulted to: class ucab.dsw.entidades.Estudio.
[EL Config]: metadata: 2020-12-31 01:04:15.356--ServerSession(1213349904)--Thread(Thread[main,5,main])--The target entity (reference) class for the many to one mapping element [field _preguntaEncuesta] is being defaulted to: class ucab.dsw.entidades.Pregunta_encuesta.
[EL Config]: metadata: 2020-12-31 01:04:15.357--ServerSession(1213349904)--Thread(Thread[main,5,main])--The access type for the persistent class [class ucab.dsw.entidades.Categoria] is set to [FIELD].
[EL Config]: metadata: 2020-12-31 01:04:15.358--ServerSession(1213349904)--Thread(Thread[main,5,main])--The access type for the persistent class [class ucab.dsw.entidades.Telefono] is set to [FIELD].
[EL Config]: metadata: 2020-12-31 01:04:15.359--ServerSession(1213349904)--Thread(Thread[main,5,main])--The target entity (reference) class for the many to one mapping element [field _datoUsuario] is being defaulted to: class ucab.dsw.entidades.Dato_usuario.
[EL Config]: metadata: 2020-12-31 01:04:15.359--ServerSession(1213349904)--Thread(Thread[main,5,main])--The access type for the persistent class [class ucab.dsw.entidades.Subcategoria] is set to [FIELD].
[EL Config]: metadata: 2020-12-31 01:04:15.366--ServerSession(1213349904)--Thread(Thread[main,5,main])--The target entity (reference) class for the many to one mapping element [field _categoria] is being defaulted to: class ucab.dsw.entidades.Categoria.
[EL Config]: metadata: 2020-12-31 01:04:15.368--ServerSession(1213349904)--Thread(Thread[main,5,main])--The access type for the persistent class [class ucab.dsw.entidades.Rol_privilegio] is set to [FIELD].
[EL Config]: metadata: 2020-12-31 01:04:15.369--ServerSession(1213349904)--Thread(Thread[main,5,main])--The target entity (reference) class for the many to one mapping element [field _privilegio] is being defaulted to: class ucab.dsw.entidades.Privilegio.
[EL Config]: metadata: 2020-12-31 01:04:15.37--ServerSession(1213349904)--Thread(Thread[main,5,main])--The target entity (reference) class for the many to one mapping element [field _rol] is being defaulted to: class ucab.dsw.entidades.Rol.
[EL Config]: metadata: 2020-12-31 01:04:15.371--ServerSession(1213349904)--Thread(Thread[main,5,main])--The access type for the persistent class [class ucab.dsw.entidades.Region_estudio] is set to [FIELD].
[EL Config]: metadata: 2020-12-31 01:04:15.372--ServerSession(1213349904)--Thread(Thread[main,5,main])--The target entity (reference) class for the many to one mapping element [field _lugar] is being defaulted to: class ucab.dsw.entidades.Lugar.
[EL Config]: metadata: 2020-12-31 01:04:15.372--ServerSession(1213349904)--Thread(Thread[main,5,main])--The target entity (reference) class for the many to one mapping element [field _solicitudEstudio] is being defaulted to: class ucab.dsw.entidades.Solicitud_estudio.
[EL Config]: metadata: 2020-12-31 01:04:15.373--ServerSession(1213349904)--Thread(Thread[main,5,main])--The access type for the persistent class [class ucab.dsw.entidades.Estudio] is set to [FIELD].
[EL Config]: metadata: 2020-12-31 01:04:15.374--ServerSession(1213349904)--Thread(Thread[main,5,main])--The target entity (reference) class for the many to one mapping element [field _usuario] is being defaulted to: class ucab.dsw.entidades.Usuario.
[EL Config]: metadata: 2020-12-31 01:04:15.375--ServerSession(1213349904)--Thread(Thread[main,5,main])--The target entity (reference) class for the many to one mapping element [field _solicitudEstudio] is being defaulted to: class ucab.dsw.entidades.Solicitud_estudio.
[EL Config]: metadata: 2020-12-31 01:04:15.376--ServerSession(1213349904)--Thread(Thread[main,5,main])--The access type for the persistent class [class ucab.dsw.entidades.Nivel_economico] is set to [FIELD].
[EL Config]: metadata: 2020-12-31 01:04:15.377--ServerSession(1213349904)--Thread(Thread[main,5,main])--The access type for the persistent class [class ucab.dsw.entidades.Privilegio] is set to [FIELD].
[EL Config]: metadata: 2020-12-31 01:04:15.379--ServerSession(1213349904)--Thread(Thread[main,5,main])--The access type for the persistent class [class ucab.dsw.entidades.Ocupacion] is set to [FIELD].
[EL Config]: metadata: 2020-12-31 01:04:15.381--ServerSession(1213349904)--Thread(Thread[main,5,main])--The access type for the persistent class [class ucab.dsw.entidades.Producto] is set to [FIELD].
[EL Config]: metadata: 2020-12-31 01:04:15.381--ServerSession(1213349904)--Thread(Thread[main,5,main])--The target entity (reference) class for the many to one mapping element [field _subcategoria] is being defaulted to: class ucab.dsw.entidades.Subcategoria.
[EL Config]: metadata: 2020-12-31 01:04:15.382--ServerSession(1213349904)--Thread(Thread[main,5,main])--The target entity (reference) class for the many to one mapping element [field _marca] is being defaulted to: class ucab.dsw.entidades.Marca.
[EL Config]: metadata: 2020-12-31 01:04:15.383--ServerSession(1213349904)--Thread(Thread[main,5,main])--The target entity (reference) class for the many to one mapping element [field _usuario] is being defaulted to: class ucab.dsw.entidades.Usuario.
[EL Config]: metadata: 2020-12-31 01:04:15.383--ServerSession(1213349904)--Thread(Thread[main,5,main])--The access type for the persistent class [class ucab.dsw.entidades.Presentacion] is set to [FIELD].
[EL Config]: metadata: 2020-12-31 01:04:15.384--ServerSession(1213349904)--Thread(Thread[main,5,main])--The access type for the persistent class [class ucab.dsw.entidades.Pregunta_encuesta] is set to [FIELD].
[EL Config]: metadata: 2020-12-31 01:04:15.385--ServerSession(1213349904)--Thread(Thread[main,5,main])--The target entity (reference) class for the many to one mapping element [field _subcategoria] is being defaulted to: class ucab.dsw.entidades.Subcategoria.
[EL Config]: metadata: 2020-12-31 01:04:15.386--ServerSession(1213349904)--Thread(Thread[main,5,main])--The target entity (reference) class for the many to one mapping element [field _usuario] is being defaulted to: class ucab.dsw.entidades.Usuario.
[EL Config]: metadata: 2020-12-31 01:04:15.387--ServerSession(1213349904)--Thread(Thread[main,5,main])--The access type for the persistent class [class ucab.dsw.entidades.Dato_usuario] is set to [FIELD].
[EL Config]: metadata: 2020-12-31 01:04:15.387--ServerSession(1213349904)--Thread(Thread[main,5,main])--The target entity (reference) class for the many to one mapping element [field _nivelAcademico] is being defaulted to: class ucab.dsw.entidades.Nivel_academico.
[EL Config]: metadata: 2020-12-31 01:04:15.388--ServerSession(1213349904)--Thread(Thread[main,5,main])--The target entity (reference) class for the many to one mapping element [field _ocupacion] is being defaulted to: class ucab.dsw.entidades.Ocupacion.
[EL Config]: metadata: 2020-12-31 01:04:15.389--ServerSession(1213349904)--Thread(Thread[main,5,main])--The target entity (reference) class for the many to one mapping element [field _lugar] is being defaulted to: class ucab.dsw.entidades.Lugar.
[EL Config]: metadata: 2020-12-31 01:04:15.39--ServerSession(1213349904)--Thread(Thread[main,5,main])--The target entity (reference) class for the many to one mapping element [field _nivelEconomico] is being defaulted to: class ucab.dsw.entidades.Nivel_economico.
[EL Config]: metadata: 2020-12-31 01:04:15.39--ServerSession(1213349904)--Thread(Thread[main,5,main])--The access type for the persistent class [class ucab.dsw.entidades.Rol] is set to [FIELD].
[EL Config]: metadata: 2020-12-31 01:04:15.392--ServerSession(1213349904)--Thread(Thread[main,5,main])--The access type for the persistent class [class ucab.dsw.entidades.Hijo] is set to [FIELD].
[EL Config]: metadata: 2020-12-31 01:04:15.392--ServerSession(1213349904)--Thread(Thread[main,5,main])--The target entity (reference) class for the many to one mapping element [field _datoUsuario] is being defaulted to: class ucab.dsw.entidades.Dato_usuario.
[EL Config]: metadata: 2020-12-31 01:04:15.413--ServerSession(1213349904)--Thread(Thread[main,5,main])--The alias name for the entity class [class ucab.dsw.entidades.Marca] is being defaulted to: Marca.
[EL Config]: metadata: 2020-12-31 01:04:15.467--ServerSession(1213349904)--Thread(Thread[main,5,main])--The alias name for the entity class [class ucab.dsw.entidades.Respuesta_pregunta] is being defaulted to: Respuesta_pregunta.
[EL Config]: metadata: 2020-12-31 01:04:15.473--ServerSession(1213349904)--Thread(Thread[main,5,main])--The alias name for the entity class [class ucab.dsw.entidades.Lugar] is being defaulted to: Lugar.
[EL Config]: metadata: 2020-12-31 01:04:15.475--ServerSession(1213349904)--Thread(Thread[main,5,main])--The alias name for the entity class [class ucab.dsw.entidades.Nivel_academico] is being defaulted to: Nivel_academico.
[EL Config]: metadata: 2020-12-31 01:04:15.48--ServerSession(1213349904)--Thread(Thread[main,5,main])--The alias name for the entity class [class ucab.dsw.entidades.Producto_presentacion_tipo] is being defaulted to: Producto_presentacion_tipo.
[EL Config]: metadata: 2020-12-31 01:04:15.482--ServerSession(1213349904)--Thread(Thread[main,5,main])--The alias name for the entity class [class ucab.dsw.entidades.Solicitud_estudio] is being defaulted to: Solicitud_estudio.
[EL Config]: metadata: 2020-12-31 01:04:15.504--ServerSession(1213349904)--Thread(Thread[main,5,main])--The alias name for the entity class [class ucab.dsw.entidades.Usuario] is being defaulted to: Usuario.
[EL Config]: metadata: 2020-12-31 01:04:15.507--ServerSession(1213349904)--Thread(Thread[main,5,main])--The alias name for the entity class [class ucab.dsw.entidades.Tipo] is being defaulted to: Tipo.
[EL Config]: metadata: 2020-12-31 01:04:15.511--ServerSession(1213349904)--Thread(Thread[main,5,main])--The alias name for the entity class [class ucab.dsw.entidades.Respuesta] is being defaulted to: Respuesta.
[EL Config]: metadata: 2020-12-31 01:04:15.514--ServerSession(1213349904)--Thread(Thread[main,5,main])--The alias name for the entity class [class ucab.dsw.entidades.Pregunta_estudio] is being defaulted to: Pregunta_estudio.
[EL Config]: metadata: 2020-12-31 01:04:15.516--ServerSession(1213349904)--Thread(Thread[main,5,main])--The alias name for the entity class [class ucab.dsw.entidades.Categoria] is being defaulted to: Categoria.
[EL Config]: metadata: 2020-12-31 01:04:15.522--ServerSession(1213349904)--Thread(Thread[main,5,main])--The alias name for the entity class [class ucab.dsw.entidades.Telefono] is being defaulted to: Telefono.
[EL Config]: metadata: 2020-12-31 01:04:15.524--ServerSession(1213349904)--Thread(Thread[main,5,main])--The alias name for the entity class [class ucab.dsw.entidades.Subcategoria] is being defaulted to: Subcategoria.
[EL Config]: metadata: 2020-12-31 01:04:15.525--ServerSession(1213349904)--Thread(Thread[main,5,main])--The alias name for the entity class [class ucab.dsw.entidades.Rol_privilegio] is being defaulted to: Rol_privilegio.
[EL Config]: metadata: 2020-12-31 01:04:15.527--ServerSession(1213349904)--Thread(Thread[main,5,main])--The alias name for the entity class [class ucab.dsw.entidades.Region_estudio] is being defaulted to: Region_estudio.
[EL Config]: metadata: 2020-12-31 01:04:15.529--ServerSession(1213349904)--Thread(Thread[main,5,main])--The alias name for the entity class [class ucab.dsw.entidades.Estudio] is being defaulted to: Estudio.
[EL Config]: metadata: 2020-12-31 01:04:15.53--ServerSession(1213349904)--Thread(Thread[main,5,main])--The alias name for the entity class [class ucab.dsw.entidades.Nivel_economico] is being defaulted to: Nivel_economico.
[EL Config]: metadata: 2020-12-31 01:04:15.531--ServerSession(1213349904)--Thread(Thread[main,5,main])--The alias name for the entity class [class ucab.dsw.entidades.Privilegio] is being defaulted to: Privilegio.
[EL Config]: metadata: 2020-12-31 01:04:15.532--ServerSession(1213349904)--Thread(Thread[main,5,main])--The alias name for the entity class [class ucab.dsw.entidades.Ocupacion] is being defaulted to: Ocupacion.
[EL Config]: metadata: 2020-12-31 01:04:15.534--ServerSession(1213349904)--Thread(Thread[main,5,main])--The alias name for the entity class [class ucab.dsw.entidades.Producto] is being defaulted to: Producto.
[EL Config]: metadata: 2020-12-31 01:04:15.536--ServerSession(1213349904)--Thread(Thread[main,5,main])--The alias name for the entity class [class ucab.dsw.entidades.Presentacion] is being defaulted to: Presentacion.
[EL Config]: metadata: 2020-12-31 01:04:15.538--ServerSession(1213349904)--Thread(Thread[main,5,main])--The alias name for the entity class [class ucab.dsw.entidades.Pregunta_encuesta] is being defaulted to: Pregunta_encuesta.
[EL Config]: metadata: 2020-12-31 01:04:15.539--ServerSession(1213349904)--Thread(Thread[main,5,main])--The alias name for the entity class [class ucab.dsw.entidades.Dato_usuario] is being defaulted to: Dato_usuario.
[EL Config]: metadata: 2020-12-31 01:04:15.541--ServerSession(1213349904)--Thread(Thread[main,5,main])--The alias name for the entity class [class ucab.dsw.entidades.Rol] is being defaulted to: Rol.
[EL Config]: metadata: 2020-12-31 01:04:15.541--ServerSession(1213349904)--Thread(Thread[main,5,main])--The alias name for the entity class [class ucab.dsw.entidades.Hijo] is being defaulted to: Hijo.
[EL Config]: metadata: 2020-12-31 01:04:15.615--ServerSession(1213349904)--Thread(Thread[main,5,main])--The primary key column name for the mapping element [field _preguntaEncuesta] is being defaulted to: codigo.
[EL Config]: metadata: 2020-12-31 01:04:15.617--ServerSession(1213349904)--Thread(Thread[main,5,main])--The primary key column name for the mapping element [field _lugar] is being defaulted to: codigo.
[EL Config]: metadata: 2020-12-31 01:04:15.618--ServerSession(1213349904)--Thread(Thread[main,5,main])--The primary key column name for the mapping element [field _tipo] is being defaulted to: codigo.
[EL Config]: metadata: 2020-12-31 01:04:15.619--ServerSession(1213349904)--Thread(Thread[main,5,main])--The primary key column name for the mapping element [field _presentacion] is being defaulted to: codigo.
[EL Config]: metadata: 2020-12-31 01:04:15.62--ServerSession(1213349904)--Thread(Thread[main,5,main])--The primary key column name for the mapping element [field _producto] is being defaulted to: codigo.
[EL Config]: metadata: 2020-12-31 01:04:15.621--ServerSession(1213349904)--Thread(Thread[main,5,main])--The primary key column name for the mapping element [field _ocupacion] is being defaulted to: codigo.
[EL Config]: metadata: 2020-12-31 01:04:15.621--ServerSession(1213349904)--Thread(Thread[main,5,main])--The primary key column name for the mapping element [field _usuario] is being defaulted to: codigo.
[EL Config]: metadata: 2020-12-31 01:04:15.623--ServerSession(1213349904)--Thread(Thread[main,5,main])--The primary key column name for the mapping element [field _producto] is being defaulted to: codigo.
[EL Config]: metadata: 2020-12-31 01:04:15.624--ServerSession(1213349904)--Thread(Thread[main,5,main])--The primary key column name for the mapping element [field _nivelEconomico] is being defaulted to: codigo.
[EL Config]: metadata: 2020-12-31 01:04:15.628--ServerSession(1213349904)--Thread(Thread[main,5,main])--The primary key column name for the mapping element [field _rol] is being defaulted to: codigo.
[EL Config]: metadata: 2020-12-31 01:04:15.629--ServerSession(1213349904)--Thread(Thread[main,5,main])--The primary key column name for the mapping element [field _datoUsuario] is being defaulted to: codigo.
[EL Config]: metadata: 2020-12-31 01:04:15.636--ServerSession(1213349904)--Thread(Thread[main,5,main])--The primary key column name for the mapping element [field _preguntaEstudio] is being defaulted to: codigo.
[EL Config]: metadata: 2020-12-31 01:04:15.655--ServerSession(1213349904)--Thread(Thread[main,5,main])--The primary key column name for the mapping element [field _usuario] is being defaulted to: codigo.
[EL Config]: metadata: 2020-12-31 01:04:15.657--ServerSession(1213349904)--Thread(Thread[main,5,main])--The primary key column name for the mapping element [field _estudio] is being defaulted to: codigo.
[EL Config]: metadata: 2020-12-31 01:04:15.665--ServerSession(1213349904)--Thread(Thread[main,5,main])--The primary key column name for the mapping element [field _preguntaEncuesta] is being defaulted to: codigo.
[EL Config]: metadata: 2020-12-31 01:04:15.667--ServerSession(1213349904)--Thread(Thread[main,5,main])--The primary key column name for the mapping element [field _datoUsuario] is being defaulted to: codigo.
[EL Config]: metadata: 2020-12-31 01:04:15.669--ServerSession(1213349904)--Thread(Thread[main,5,main])--The primary key column name for the mapping element [field _categoria] is being defaulted to: codigo.
[EL Config]: metadata: 2020-12-31 01:04:15.67--ServerSession(1213349904)--Thread(Thread[main,5,main])--The primary key column name for the mapping element [field _privilegio] is being defaulted to: codigo.
[EL Config]: metadata: 2020-12-31 01:04:15.684--ServerSession(1213349904)--Thread(Thread[main,5,main])--The primary key column name for the mapping element [field _rol] is being defaulted to: codigo.
[EL Config]: metadata: 2020-12-31 01:04:15.686--ServerSession(1213349904)--Thread(Thread[main,5,main])--The primary key column name for the mapping element [field _lugar] is being defaulted to: codigo.
[EL Config]: metadata: 2020-12-31 01:04:15.688--ServerSession(1213349904)--Thread(Thread[main,5,main])--The primary key column name for the mapping element [field _solicitudEstudio] is being defaulted to: codigo.
[EL Config]: metadata: 2020-12-31 01:04:15.688--ServerSession(1213349904)--Thread(Thread[main,5,main])--The primary key column name for the mapping element [field _usuario] is being defaulted to: codigo.
[EL Config]: metadata: 2020-12-31 01:04:15.693--ServerSession(1213349904)--Thread(Thread[main,5,main])--The primary key column name for the mapping element [field _solicitudEstudio] is being defaulted to: codigo.
[EL Config]: metadata: 2020-12-31 01:04:15.718--ServerSession(1213349904)--Thread(Thread[main,5,main])--The primary key column name for the mapping element [field _subcategoria] is being defaulted to: codigo.
[EL Config]: metadata: 2020-12-31 01:04:15.727--ServerSession(1213349904)--Thread(Thread[main,5,main])--The primary key column name for the mapping element [field _marca] is being defaulted to: codigo.
[EL Config]: metadata: 2020-12-31 01:04:15.732--ServerSession(1213349904)--Thread(Thread[main,5,main])--The primary key column name for the mapping element [field _usuario] is being defaulted to: codigo.
[EL Config]: metadata: 2020-12-31 01:04:15.734--ServerSession(1213349904)--Thread(Thread[main,5,main])--The primary key column name for the mapping element [field _subcategoria] is being defaulted to: codigo.
[EL Config]: metadata: 2020-12-31 01:04:15.736--ServerSession(1213349904)--Thread(Thread[main,5,main])--The primary key column name for the mapping element [field _usuario] is being defaulted to: codigo.
[EL Config]: metadata: 2020-12-31 01:04:15.754--ServerSession(1213349904)--Thread(Thread[main,5,main])--The primary key column name for the mapping element [field _nivelAcademico] is being defaulted to: codigo.
[EL Config]: metadata: 2020-12-31 01:04:15.755--ServerSession(1213349904)--Thread(Thread[main,5,main])--The primary key column name for the mapping element [field _ocupacion] is being defaulted to: codigo.
[EL Config]: metadata: 2020-12-31 01:04:15.756--ServerSession(1213349904)--Thread(Thread[main,5,main])--The primary key column name for the mapping element [field _lugar] is being defaulted to: codigo.
[EL Config]: metadata: 2020-12-31 01:04:15.757--ServerSession(1213349904)--Thread(Thread[main,5,main])--The primary key column name for the mapping element [field _nivelEconomico] is being defaulted to: codigo.
[EL Config]: metadata: 2020-12-31 01:04:15.761--ServerSession(1213349904)--Thread(Thread[main,5,main])--The primary key column name for the mapping element [field _datoUsuario] is being defaulted to: codigo.
[EL Info]: 2020-12-31 01:04:18.412--ServerSession(1213349904)--Thread(Thread[main,5,main])--EclipseLink, version: Eclipse Persistence Services - 2.6.5.v20170607-b3d05bd
[EL Fine]: connection: 2020-12-31 01:04:20.678--Thread(Thread[main,5,main])--Detected database platform: org.eclipse.persistence.platform.database.MySQLPlatform
[EL Config]: connection: 2020-12-31 01:04:20.716--ServerSession(1213349904)--Connection(1232373427)--Thread(Thread[main,5,main])--connecting(DatabaseLogin(
	platform=&gt;MySQLPlatform
	user name=&gt; &quot;root&quot;
	datasource URL=&gt; &quot;jdbc:mysql://127.0.0.1:3306/mercadeoucab?serverTimezone=UTC&quot;
))
[EL Config]: connection: 2020-12-31 01:04:20.83--ServerSession(1213349904)--Connection(215078753)--Thread(Thread[main,5,main])--Connected: jdbc:mysql://127.0.0.1:3306/mercadeoucab?serverTimezone=UTC
	User: root@localhost
	Database: MySQL  Version: 8.0.21
	Driver: MySQL Connector/J  Version: mysql-connector-java-8.0.18 (Revision: fef2894d751d47223192b706977b4a5bc41e6be4)
[EL Info]: connection: 2020-12-31 01:04:21.269--ServerSession(1213349904)--Thread(Thread[main,5,main])--/file:/C:/Users/Ger/Desarrollo/DSW_EmpresaA/mercadeo-backend/accesodatos/target/accesodatos-1.0-SNAPSHOT.jar_ormprueba login successful
[EL Fine]: sql: 2020-12-31 01:04:21.406--ServerSession(1213349904)--Connection(215078753)--Thread(Thread[main,5,main])--SELECT codigo, estado, nombre FROM categoria WHERE (codigo = ?)
	bind =&gt; [1]
[EL Fine]: sql: 2020-12-31 01:04:21.553--ClientSession(694069884)--Connection(215078753)--Thread(Thread[main,5,main])--DELETE FROM categoria WHERE (codigo = ?)
	bind =&gt; [1]
[EL Fine]: sql: 2020-12-31 01:04:21.833--ClientSession(694069884)--Thread(Thread[main,5,main])--SELECT 1
[EL Warning]: 2020-12-31 01:04:21.836--UnitOfWork(597364637)--Thread(Thread[main,5,main])--Exception [EclipseLink-4002] (Eclipse Persistence Services - 2.6.5.v20170607-b3d05bd): org.eclipse.persistence.exceptions.DatabaseException
Internal Exception: java.sql.SQLIntegrityConstraintViolationException: Cannot delete or update a parent row: a foreign key constraint fails (`mercadeoucab`.`subcategoria`, CONSTRAINT `fk_subcategoria_categoria2` FOREIGN KEY (`fk_categoria`) REFERENCES `categoria` (`codigo`))
Error Code: 1451
Call: DELETE FROM categoria WHERE (codigo = ?)
	bind =&gt; [1]
Query: DeleteObjectQuery(Categoria pepsi)
</system-out>
  </testcase>
  <testcase classname="categoriaORMWS_Test" name="addCategoriaTest" time="0.141">
    <failure message="Values should be different. Actual: 0" type="java.lang.AssertionError">java.lang.AssertionError: Values should be different. Actual: 0
	at org.junit.Assert.fail(Assert.java:89)
	at org.junit.Assert.failEquals(Assert.java:187)
	at org.junit.Assert.assertNotEquals(Assert.java:201)
	at org.junit.Assert.assertNotEquals(Assert.java:213)
	at categoriaORMWS_Test.addCategoriaTest(categoriaORMWS_Test.java:19)
	at sun.reflect.NativeMethodAccessorImpl.invoke0(Native Method)
	at sun.reflect.NativeMethodAccessorImpl.invoke(NativeMethodAccessorImpl.java:62)
	at sun.reflect.DelegatingMethodAccessorImpl.invoke(DelegatingMethodAccessorImpl.java:43)
	at java.lang.reflect.Method.invoke(Method.java:498)
	at org.junit.runners.model.FrameworkMethod$1.runReflectiveCall(FrameworkMethod.java:59)
	at org.junit.internal.runners.model.ReflectiveCallable.run(ReflectiveCallable.java:12)
	at org.junit.runners.model.FrameworkMethod.invokeExplosively(FrameworkMethod.java:56)
	at org.junit.internal.runners.statements.InvokeMethod.evaluate(InvokeMethod.java:17)
	at org.junit.runners.ParentRunner$3.evaluate(ParentRunner.java:305)
	at org.junit.runners.BlockJUnit4ClassRunner$1.evaluate(BlockJUnit4ClassRunner.java:100)
	at org.junit.runners.ParentRunner.runLeaf(ParentRunner.java:365)
	at org.junit.runners.BlockJUnit4ClassRunner.runChild(BlockJUnit4ClassRunner.java:103)
	at org.junit.runners.BlockJUnit4ClassRunner.runChild(BlockJUnit4ClassRunner.java:63)
	at org.junit.runners.ParentRunner$4.run(ParentRunner.java:330)
	at org.junit.runners.ParentRunner$1.schedule(ParentRunner.java:78)
	at org.junit.runners.ParentRunner.runChildren(ParentRunner.java:328)
	at org.junit.runners.ParentRunner.access$100(ParentRunner.java:65)
	at org.junit.runners.ParentRunner$2.evaluate(ParentRunner.java:292)
	at org.junit.runners.ParentRunner$3.evaluate(ParentRunner.java:305)
	at org.junit.runners.ParentRunner.run(ParentRunner.java:412)
	at org.apache.maven.surefire.junit4.JUnit4Provider.execute(JUnit4Provider.java:252)
	at org.apache.maven.surefire.junit4.JUnit4Provider.executeTestSet(JUnit4Provider.java:141)
	at org.apache.maven.surefire.junit4.JUnit4Provider.invoke(JUnit4Provider.java:112)
	at sun.reflect.NativeMethodAccessorImpl.invoke0(Native Method)
	at sun.reflect.NativeMethodAccessorImpl.invoke(NativeMethodAccessorImpl.java:62)
	at sun.reflect.DelegatingMethodAccessorImpl.invoke(DelegatingMethodAccessorImpl.java:43)
	at java.lang.reflect.Method.invoke(Method.java:498)
	at org.apache.maven.surefire.util.ReflectionUtils.invokeMethodWithArray(ReflectionUtils.java:189)
	at org.apache.maven.surefire.booter.ProviderFactory$ProviderProxy.invoke(ProviderFactory.java:165)
	at org.apache.maven.surefire.booter.ProviderFactory.invokeProvider(ProviderFactory.java:85)
	at org.apache.maven.surefire.booter.ForkedBooter.runSuitesInProcess(ForkedBooter.java:115)
	at org.apache.maven.surefire.booter.ForkedBooter.main(ForkedBooter.java:75)
</failure>
    <system-out>[EL Fine]: sql: 2020-12-31 01:04:21.947--ClientSession(694069884)--Connection(215078753)--Thread(Thread[main,5,main])--INSERT INTO categoria (estado, nombre) VALUES (?, ?)
	bind =&gt; [A, Categoria1]
[EL Fine]: sql: 2020-12-31 01:04:22.062--ClientSession(694069884)--Connection(215078753)--Thread(Thread[main,5,main])--SELECT LAST_INSERT_ID()
[EL Fine]: sql: 2020-12-31 01:04:22.08--ClientSession(694069884)--Connection(215078753)--Thread(Thread[main,5,main])--DELETE FROM categoria WHERE (codigo = ?)
	bind =&gt; [1]
[EL Fine]: sql: 2020-12-31 01:04:22.083--ClientSession(694069884)--Thread(Thread[main,5,main])--SELECT 1
[EL Warning]: 2020-12-31 01:04:22.086--UnitOfWork(597364637)--Thread(Thread[main,5,main])--Exception [EclipseLink-4002] (Eclipse Persistence Services - 2.6.5.v20170607-b3d05bd): org.eclipse.persistence.exceptions.DatabaseException
Internal Exception: java.sql.SQLIntegrityConstraintViolationException: Cannot delete or update a parent row: a foreign key constraint fails (`mercadeoucab`.`subcategoria`, CONSTRAINT `fk_subcategoria_categoria2` FOREIGN KEY (`fk_categoria`) REFERENCES `categoria` (`codigo`))
Error Code: 1451
Call: DELETE FROM categoria WHERE (codigo = ?)
	bind =&gt; [1]
Query: DeleteObjectQuery(Categoria pepsi)
0
</system-out>
  </testcase>
  <testcase classname="categoriaORMWS_Test" name="updateCategoriaTest" time="0.05">
    <failure message="Values should be different. Actual: 0" type="java.lang.AssertionError">java.lang.AssertionError: Values should be different. Actual: 0
	at org.junit.Assert.fail(Assert.java:89)
	at org.junit.Assert.failEquals(Assert.java:187)
	at org.junit.Assert.assertNotEquals(Assert.java:201)
	at org.junit.Assert.assertNotEquals(Assert.java:213)
	at categoriaORMWS_Test.updateCategoriaTest(categoriaORMWS_Test.java:38)
	at sun.reflect.NativeMethodAccessorImpl.invoke0(Native Method)
	at sun.reflect.NativeMethodAccessorImpl.invoke(NativeMethodAccessorImpl.java:62)
	at sun.reflect.DelegatingMethodAccessorImpl.invoke(DelegatingMethodAccessorImpl.java:43)
	at java.lang.reflect.Method.invoke(Method.java:498)
	at org.junit.runners.model.FrameworkMethod$1.runReflectiveCall(FrameworkMethod.java:59)
	at org.junit.internal.runners.model.ReflectiveCallable.run(ReflectiveCallable.java:12)
	at org.junit.runners.model.FrameworkMethod.invokeExplosively(FrameworkMethod.java:56)
	at org.junit.internal.runners.statements.InvokeMethod.evaluate(InvokeMethod.java:17)
	at org.junit.runners.ParentRunner$3.evaluate(ParentRunner.java:305)
	at org.junit.runners.BlockJUnit4ClassRunner$1.evaluate(BlockJUnit4ClassRunner.java:100)
	at org.junit.runners.ParentRunner.runLeaf(ParentRunner.java:365)
	at org.junit.runners.BlockJUnit4ClassRunner.runChild(BlockJUnit4ClassRunner.java:103)
	at org.junit.runners.BlockJUnit4ClassRunner.runChild(BlockJUnit4ClassRunner.java:63)
	at org.junit.runners.ParentRunner$4.run(ParentRunner.java:330)
	at org.junit.runners.ParentRunner$1.schedule(ParentRunner.java:78)
	at org.junit.runners.ParentRunner.runChildren(ParentRunner.java:328)
	at org.junit.runners.ParentRunner.access$100(ParentRunner.java:65)
	at org.junit.runners.ParentRunner$2.evaluate(ParentRunner.java:292)
	at org.junit.runners.ParentRunner$3.evaluate(ParentRunner.java:305)
	at org.junit.runners.ParentRunner.run(ParentRunner.java:412)
	at org.apache.maven.surefire.junit4.JUnit4Provider.execute(JUnit4Provider.java:252)
	at org.apache.maven.surefire.junit4.JUnit4Provider.executeTestSet(JUnit4Provider.java:141)
	at org.apache.maven.surefire.junit4.JUnit4Provider.invoke(JUnit4Provider.java:112)
	at sun.reflect.NativeMethodAccessorImpl.invoke0(Native Method)
	at sun.reflect.NativeMethodAccessorImpl.invoke(NativeMethodAccessorImpl.java:62)
	at sun.reflect.DelegatingMethodAccessorImpl.invoke(DelegatingMethodAccessorImpl.java:43)
	at java.lang.reflect.Method.invoke(Method.java:498)
	at org.apache.maven.surefire.util.ReflectionUtils.invokeMethodWithArray(ReflectionUtils.java:189)
	at org.apache.maven.surefire.booter.ProviderFactory$ProviderProxy.invoke(ProviderFactory.java:165)
	at org.apache.maven.surefire.booter.ProviderFactory.invokeProvider(ProviderFactory.java:85)
	at org.apache.maven.surefire.booter.ForkedBooter.runSuitesInProcess(ForkedBooter.java:115)
	at org.apache.maven.surefire.booter.ForkedBooter.main(ForkedBooter.java:75)
</failure>
  </testcase>
  <testcase classname="categoriaORMWS_Test" name="showCategoriaTest" time="0.104">
    <error type="java.lang.NullPointerException">java.lang.NullPointerException
	at categoriaORMWS_Test.showCategoriaTest(categoriaORMWS_Test.java:27)
	at sun.reflect.NativeMethodAccessorImpl.invoke0(Native Method)
	at sun.reflect.NativeMethodAccessorImpl.invoke(NativeMethodAccessorImpl.java:62)
	at sun.reflect.DelegatingMethodAccessorImpl.invoke(DelegatingMethodAccessorImpl.java:43)
	at java.lang.reflect.Method.invoke(Method.java:498)
	at org.junit.runners.model.FrameworkMethod$1.runReflectiveCall(FrameworkMethod.java:59)
	at org.junit.internal.runners.model.ReflectiveCallable.run(ReflectiveCallable.java:12)
	at org.junit.runners.model.FrameworkMethod.invokeExplosively(FrameworkMethod.java:56)
	at org.junit.internal.runners.statements.InvokeMethod.evaluate(InvokeMethod.java:17)
	at org.junit.runners.ParentRunner$3.evaluate(ParentRunner.java:305)
	at org.junit.runners.BlockJUnit4ClassRunner$1.evaluate(BlockJUnit4ClassRunner.java:100)
	at org.junit.runners.ParentRunner.runLeaf(ParentRunner.java:365)
	at org.junit.runners.BlockJUnit4ClassRunner.runChild(BlockJUnit4ClassRunner.java:103)
	at org.junit.runners.BlockJUnit4ClassRunner.runChild(BlockJUnit4ClassRunner.java:63)
	at org.junit.runners.ParentRunner$4.run(ParentRunner.java:330)
	at org.junit.runners.ParentRunner$1.schedule(ParentRunner.java:78)
	at org.junit.runners.ParentRunner.runChildren(ParentRunner.java:328)
	at org.junit.runners.ParentRunner.access$100(ParentRunner.java:65)
	at org.junit.runners.ParentRunner$2.evaluate(ParentRunner.java:292)
	at org.junit.runners.ParentRunner$3.evaluate(ParentRunner.java:305)
	at org.junit.runners.ParentRunner.run(ParentRunner.java:412)
	at org.apache.maven.surefire.junit4.JUnit4Provider.execute(JUnit4Provider.java:252)
	at org.apache.maven.surefire.junit4.JUnit4Provider.executeTestSet(JUnit4Provider.java:141)
	at org.apache.maven.surefire.junit4.JUnit4Provider.invoke(JUnit4Provider.java:112)
	at sun.reflect.NativeMethodAccessorImpl.invoke0(Native Method)
	at sun.reflect.NativeMethodAccessorImpl.invoke(NativeMethodAccessorImpl.java:62)
	at sun.reflect.DelegatingMethodAccessorImpl.invoke(DelegatingMethodAccessorImpl.java:43)
	at java.lang.reflect.Method.invoke(Method.java:498)
	at org.apache.maven.surefire.util.ReflectionUtils.invokeMethodWithArray(ReflectionUtils.java:189)
	at org.apache.maven.surefire.booter.ProviderFactory$ProviderProxy.invoke(ProviderFactory.java:165)
	at org.apache.maven.surefire.booter.ProviderFactory.invokeProvider(ProviderFactory.java:85)
	at org.apache.maven.surefire.booter.ForkedBooter.runSuitesInProcess(ForkedBooter.java:115)
	at org.apache.maven.surefire.booter.ForkedBooter.main(ForkedBooter.java:75)
</error>
    <system-out>[EL Fine]: sql: 2020-12-31 01:04:22.23--ClientSession(694069884)--Connection(215078753)--Thread(Thread[main,5,main])--INSERT INTO categoria (estado, nombre) VALUES (?, ?)
	bind =&gt; [A, Categoria1]
[EL Fine]: sql: 2020-12-31 01:04:22.234--ClientSession(694069884)--Connection(215078753)--Thread(Thread[main,5,main])--SELECT LAST_INSERT_ID()
[EL Fine]: sql: 2020-12-31 01:04:22.237--ClientSession(694069884)--Connection(215078753)--Thread(Thread[main,5,main])--DELETE FROM categoria WHERE (codigo = ?)
	bind =&gt; [1]
[EL Fine]: sql: 2020-12-31 01:04:22.239--ClientSession(694069884)--Thread(Thread[main,5,main])--SELECT 1
[EL Warning]: 2020-12-31 01:04:22.241--UnitOfWork(597364637)--Thread(Thread[main,5,main])--Exception [EclipseLink-4002] (Eclipse Persistence Services - 2.6.5.v20170607-b3d05bd): org.eclipse.persistence.exceptions.DatabaseException
Internal Exception: java.sql.SQLIntegrityConstraintViolationException: Cannot delete or update a parent row: a foreign key constraint fails (`mercadeoucab`.`subcategoria`, CONSTRAINT `fk_subcategoria_categoria2` FOREIGN KEY (`fk_categoria`) REFERENCES `categoria` (`codigo`))
Error Code: 1451
Call: DELETE FROM categoria WHERE (codigo = ?)
	bind =&gt; [1]
Query: DeleteObjectQuery(Categoria pepsi)
</system-out>
  </testcase>
</testsuite>